CPLEX 12.4.0.0: timing=1
varsel=4
mipdisplay=4
Probing time =    0.12 sec.
Found feasible solution after 1.73 sec.  Objective = 0.0000
Probing time =    0.08 sec.
MIP emphasis: balance optimality and feasibility.
MIP search method: dynamic search.
Parallel mode: deterministic, using up to 4 threads.
Root relaxation solution time =    8.27 sec.

        Nodes                                         Cuts/
   Node  Left     Objective  IInf  Best Integer    Best Bound    ItCnt     Gap

*     0+    0                            0.0000                  26961     --- 
      0     0        0.5859   743        0.0000        0.5859    26961     --- 
      0     0        0.5807   833        0.0000    Cuts: 1321    29082     --- 
      0     0        0.5793   973        0.0000     Cuts: 584    30149     --- 
      0     0        0.5772  1056        0.0000     Cuts: 627    31335     --- 
      0     0        0.5759  1020        0.0000 ZeroHalf: 591    32654     --- 
      0     0        0.5744  1141        0.0000 ZeroHalf: 637    33978     --- 
*     0+    0                            0.3734        0.5744    33978   53.82%
*     0+    0                            0.3762        0.5744    42994   52.66%
      0     0        0.5731  1150        0.3762 ZeroHalf: 677    42994   52.32%
      0     0        0.5721  1269        0.3762 ZeroHalf: 520    44550   52.05%
      0     0        0.5699  1224        0.3762 ZeroHalf: 490    46202   51.48%
*     0+    0                            0.3875        0.5699    46202   47.08%
      0     0        0.5685  1329        0.3875 ZeroHalf: 387    47612   46.72%
*     0+    0                            0.3918        0.5685    47612   45.10%
      0     0        0.5672  1368        0.3918 ZeroHalf: 475    48629   44.76%
      0     0        0.5653  1342        0.3918 ZeroHalf: 546    49658   44.28%
      0     0        0.5639  1315        0.3918 ZeroHalf: 242    50721   43.93%
      0     0        0.5629  1291        0.3918 ZeroHalf: 559    51980   43.65%
      0     0        0.5614  1309        0.3918 ZeroHalf: 130    53236   43.29%
      0     0        0.5608  1316        0.3918 ZeroHalf: 239    54120   43.14%
      0     0        0.5602  1306        0.3918  ZeroHalf: 68    55086   42.97%
      0     0        0.5593  1332        0.3918 ZeroHalf: 513    56214   42.75%
*     0+    0                            0.4068        0.5593    57509   37.49%
      0     0        0.5585  1362        0.4068 ZeroHalf: 494    57509   37.28%
      0     0        0.5578  1315        0.4068 ZeroHalf: 259    58725   37.11%
      0     0        0.5569  1300        0.4068 ZeroHalf: 473    60018   36.89%
      0     0        0.5561  1313        0.4068 ZeroHalf: 199    61165   36.69%
      0     0        0.5550  1332        0.4068 ZeroHalf: 254    62491   36.43%
      0     0        0.5546  1308        0.4068 ZeroHalf: 182    63368   36.31%
*     0+    0                            0.4358        0.5546    64263   27.24%
      0     0        0.5541  1321        0.4358  ZeroHalf: 54    64263   27.13%
      0     0        0.5532  1323        0.4358 ZeroHalf: 233    65564   26.92%
      0     0        0.5526  1316        0.4358 ZeroHalf: 516    66704   26.79%
      0     0        0.5519  1330        0.4358 ZeroHalf: 393    68078   26.63%
      0     0        0.5508  1341        0.4358 ZeroHalf: 418    69989   26.38%
      0     0        0.5502  1337        0.4358 ZeroHalf: 195    70994   26.25%
      0     0        0.5497  1357        0.4358 ZeroHalf: 365    72287   26.13%
*     0+    0                            0.4507        0.5497    73506   21.98%
      0     0        0.5494  1372        0.4507 ZeroHalf: 324    73506   21.90%
      0     0        0.5487  1359        0.4507 ZeroHalf: 204    74928   21.75%
      0     0        0.5482  1369        0.4507 ZeroHalf: 348    76157   21.64%
*     0+    0                            0.4566        0.5482    77094   20.07%
      0     0        0.5480  1371        0.4566  ZeroHalf: 50    77094   20.02%
      0     0        0.5476  1363        0.4566 ZeroHalf: 139    78207   19.94%
Heuristic still looking.
Heuristic still looking.
Heuristic still looking.
      0     2        0.5476  1363        0.4566        0.5476    78207   19.94%
Elapsed real time = 3385.95 sec. (tree size =  0.01 MB)
      1     3        0.5465  1337        0.4566        0.5476    89239   19.94%
      2     4        0.5447  1318        0.4566        0.5476   111728   19.94%
      3     5        0.5456  1375        0.4566        0.5465   136348   19.70%
      6     8        0.5451  1295        0.4566        0.5465   159526   19.70%
     10    12        0.5437  1311        0.4566        0.5456   200646   19.49%
                                                 ZeroHalf: 54                  
     13    15        0.5417  1318        0.4566        0.5456   244774   19.49%
     14    16        0.5436  1318        0.4566        0.5456   258503   19.49%
     17    19        0.5403  1278        0.4566        0.5456   300081   19.49%
     18    20        0.5417  1325        0.4566        0.5456   305072   19.49%
                                                 ZeroHalf: 19                  
     22    24        0.5422  1313        0.4566        0.5456   318472   19.49%
Elapsed real time = 7745.56 sec. (tree size =  3.42 MB)
     23    25        0.5344  1126        0.4566        0.5456   324131   19.49%
     28    30        0.5395  1293        0.4566        0.5456   341496   19.49%
     32    34        0.5396  1310        0.4566        0.5456   355684   19.49%
     36    38        0.5388  1279        0.4566        0.5456   366107   19.49%
     41    43        0.5348  1192        0.4566        0.5456   386963   19.49%
     50    52        0.5375  1283        0.4566        0.5456   411210   19.49%
     51    53        0.5254  1018        0.4566        0.5456   414637   19.49%
     54    56        0.5367  1256        0.4566        0.5456   417584   19.49%
     55    57        0.5229  1011        0.4566        0.5456   419011   19.49%
     59    61        0.5252  1015        0.4566        0.5456   421639   19.49%
Elapsed real time = 9469.80 sec. (tree size =  8.07 MB)
     62    64        0.5343  1217        0.4566        0.5456   423739   19.49%
     63    65        0.5237   985        0.4566        0.5456   424916   19.49%
     66    68        0.5325  1206        0.4566        0.5456   427596   19.49%
     67    69        0.5228   990        0.4566        0.5456   428415   19.49%
     70    72        0.5332  1198        0.4566        0.5456   430697   19.49%
     74    76        0.5315  1184        0.4566        0.5456   433305   19.49%
     75    77        0.5220   935        0.4566        0.5456   433939   19.49%
     79    81        0.5225   942        0.4566        0.5456   437243   19.49%
     83    85        0.5203   929        0.4566        0.5456   440224   19.49%
     87    89        0.5214   939        0.4566        0.5456   442682   19.49%
Elapsed real time = 10093.69 sec. (tree size = 19.87 MB)
     91    93        0.5199   916        0.4566        0.5456   445440   19.49%
     95    97        0.5193   911        0.4566        0.5456   447276   19.49%
     99   101        0.5177   903        0.4566        0.5456   449504   19.49%
    103   105        0.5177   908        0.4566        0.5456   452482   19.49%
    107   109        0.5172   898        0.4566        0.5456   455442   19.49%
    111   113        0.5151   916        0.4566        0.5456   458461   19.49%
    115   117        0.5144   894        0.4566        0.5456   460827   19.49%
    119   121        0.5128   896        0.4566        0.5456   463433   19.49%
    123   125        0.5116   892        0.4566        0.5456   466029   19.49%
*   180   178      integral     0        0.4617        0.5456   483013   18.18%
Elapsed real time = 10853.04 sec. (tree size = 104.67 MB)
    181   179        0.5427  1261        0.4617        0.5456   484683   18.18%
    182   180        0.5216  1146        0.4617        0.5456   485702   18.18%
                                                 ZeroHalf: 43                  
    186   184        0.5205  1107        0.4617        0.5456   488936   18.18%
    189   187        0.5282  1119        0.4617        0.5456   494518   18.18%
    193   191        0.5271  1115        0.4617        0.5456   496683   18.18%
    197   195        0.5259  1115        0.4617        0.5456   498749   18.18%
    201   199        0.5255  1117        0.4617        0.5456   501319   18.18%
    205   203        0.5257  1113        0.4617        0.5456   503373   18.18%
    209   207        0.5248  1086        0.4617        0.5456   506660   18.18%
    213   211        0.5238  1088        0.4617        0.5456   508725   18.18%
Elapsed real time = 11788.53 sec. (tree size = 168.76 MB)
Nodefile size = 10.11 MB (8.18 MB after compression)
    217   215        0.5223  1076        0.4617        0.5456   510966   18.18%
    221   219        0.5210  1118        0.4617        0.5456   513572   18.18%
    225   223        0.5222  1090        0.4617        0.5456   516375   18.18%
    229   227        0.5208  1082        0.4617        0.5456   518545   18.18%
    233   231        0.5183  1056        0.4617        0.5456   520954   18.18%
    237   235        0.5166  1030        0.4617        0.5456   522959   18.18%
    241   239        0.5148  1023        0.4617        0.5456   525125   18.18%
    245   243        0.5142   997        0.4617        0.5456   527362   18.18%
*   289   283      integral     0        0.4683        0.5456   540028   16.50%
    293   283        0.5439  1366        0.4683        0.5456   542198   16.50%
Elapsed real time = 12286.66 sec. (tree size = 183.94 MB)
Nodefile size = 10.11 MB (8.18 MB after compression)
    294   284        0.5431  1331        0.4683        0.5456   543315   16.50%
    295   285        0.5419  1328        0.4683        0.5456   544439   16.50%
    296   286        0.5411  1310        0.4683        0.5456   545990   16.50%
    297   280        0.4892   858        0.4683        0.5456   546188   16.50%
                                                 ZeroHalf: 28                  
    299   282        0.5394  1314        0.4683        0.5456   547897   16.50%
    303   286        0.5386  1287        0.4683        0.5456   550682   16.50%
    307   290        0.5367  1236        0.4683        0.5456   552544   16.50%
    311   294        0.5353  1244        0.4683        0.5456   554438   16.50%
    315   298        0.5334  1259        0.4683        0.5456   556725   16.50%
    319   302        0.5333  1181        0.4683        0.5456   558632   16.50%
Elapsed real time = 12972.78 sec. (tree size = 330.60 MB)
Nodefile size = 166.91 MB (132.97 MB after compression)
    323   306        0.5316  1199        0.4683        0.5456   560695   16.50%
    327   310        0.5309  1201        0.4683        0.5456   562858   16.50%
    331   314        0.5299  1210        0.4683        0.5456   564474   16.50%
    335   318        0.5297  1146        0.4683        0.5456   566782   16.50%
    339   320        0.5283  1141        0.4683        0.5456   568260   16.50%
    343   322        0.5248  1167        0.4683        0.5456   570307   16.50%
    347   324        0.5267  1162        0.4683        0.5456   572034   16.50%
    382   355        0.5291  1169        0.4683        0.5456   593475   16.50%
*   395   366      integral     0        0.4748        0.5456   595569   14.91%
*   396   365      integral     0        0.4761        0.5456   595587   14.60%
Elapsed real time = 13559.08 sec. (tree size = 381.23 MB)
Nodefile size = 166.91 MB (132.97 MB after compression)
    397   366        0.5421  1268        0.4761        0.5456   597234   14.60%
    398   336        0.5282  1179        0.4761        0.5439   598173   14.24%
                                                 ZeroHalf: 34                  
    402   340        0.5257  1164        0.4761        0.5439   603126   14.24%
    403   341        0.5354  1355        0.4761        0.5439   604732   14.24%
    406   344        0.5264  1167        0.4761        0.5439   607432   14.24%
    407   345        0.5343  1343        0.4761        0.5439   608405   14.24%
    410   348        0.5259  1169        0.4761        0.5439   612521   14.24%
    411   349        0.5324  1321        0.4761        0.5439   613371   14.24%
    414   352        0.5241  1220        0.4761        0.5439   616021   14.24%
    415   353        0.5302  1311        0.4761        0.5439   616795   14.24%
Elapsed real time = 14049.29 sec. (tree size = 413.24 MB)
Nodefile size = 247.86 MB (202.05 MB after compression)
    418   356        0.5237  1136        0.4761        0.5439   619564   14.24%
    419   357        0.5278  1289        0.4761        0.5439   620693   14.24%
    422   360        0.5214  1106        0.4761        0.5439   622641   14.24%
    423   361        0.5263  1313        0.4761        0.5439   623656   14.24%
    427   365        0.5266  1286        0.4761        0.5439   626696   14.24%
    429   367        0.5297  1221        0.4761        0.5439   628413   14.24%
    433   371        0.5280  1184        0.4761        0.5439   631434   14.24%
    437   375        0.5259  1171        0.4761        0.5439   634272   14.24%
    441   379        0.5228  1163        0.4761        0.5439   638057   14.24%
    449   387        0.5201  1143        0.4761        0.5439   643704   14.24%
Elapsed real time = 14810.88 sec. (tree size = 430.07 MB)
Nodefile size = 247.86 MB (202.05 MB after compression)
    470   408        0.5160  1188        0.4761        0.5439   654582   14.24%
    478   416        0.5125  1160        0.4761        0.5439   658599   14.24%
    486   424        0.5105  1174        0.4761        0.5439   662950   14.24%
    494   432        0.5090  1140        0.4761        0.5439   667573   14.24%
    502   440        0.5070  1132        0.4761        0.5439   671877   14.24%
    510   448        0.5053  1104        0.4761        0.5439   675597   14.24%
    522   460        0.5029  1042        0.4761        0.5439   680350   14.24%
    534   472        0.5017  1025        0.4761        0.5439   684871   14.24%
    550   484        0.4941   972        0.4761        0.5439   689797   14.24%
    563   495        0.5255  1184        0.4761        0.5439   699156   14.24%
Elapsed real time = 16017.91 sec. (tree size = 543.12 MB)
Nodefile size = 343.99 MB (281.66 MB after compression)
    571   501        0.5234  1147        0.4761        0.5439   703814   14.24%
    591   513        0.5282  1121        0.4761        0.5439   715798   14.24%
    592   514        0.5263  1121        0.4761        0.5439   716872   14.24%
                                                 ZeroHalf: 13                  
    600   522        0.5238  1098        0.4761        0.5439   722199   14.24%
    608   530        0.5208  1080        0.4761        0.5439   726854   14.24%
    616   538        0.5175  1049        0.4761        0.5439   731282   14.24%
    624   546        0.5139  1025        0.4761        0.5439   735202   14.24%
    636   556        0.5096   984        0.4761        0.5439   740640   14.24%
    644   562        0.5060  1022        0.4761        0.5439   743985   14.24%
    653   567        0.5298  1169        0.4761        0.5439   754972   14.24%
Elapsed real time = 17316.82 sec. (tree size = 701.67 MB)
Nodefile size = 519.42 MB (430.19 MB after compression)
    661   575        0.5274  1159        0.4761        0.5439   759006   14.24%
    669   583        0.5245  1141        0.4761        0.5439   762943   14.24%
    677   591        0.5216  1154        0.4761        0.5439   766851   14.24%
    700   610        0.4881   927        0.4761        0.5420   776301   13.85%
                                                  ZeroHalf: 6                  
    702   612        0.5388  1254        0.4761        0.5420   779253   13.85%
    706   616        0.5371  1213        0.4761        0.5420   781754   13.85%
    714   624        0.5344  1184        0.4761        0.5420   786255   13.85%
    718   628        0.5326  1175        0.4761        0.5420   788867   13.85%
    726   636        0.5301  1176        0.4761        0.5420   792916   13.85%
    730   640        0.5281  1109        0.4761        0.5420   795404   13.85%
Elapsed real time = 18571.98 sec. (tree size = 845.10 MB)
Nodefile size = 661.11 MB (549.87 MB after compression)
    738   646        0.5250  1089        0.4761        0.5420   798828   13.85%
    746   652        0.5220  1079        0.4761        0.5420   803807   13.85%
    754   660        0.5181  1096        0.4761        0.5420   808583   13.85%
    762   668        0.5146  1056        0.4761        0.5420   813660   13.85%
    806   704        0.5361  1218        0.4761        0.5419   843590   13.81%
                                                 ZeroHalf: 16                  
    810   708        0.5344  1205        0.4761        0.5419   847343   13.81%
    818   716        0.5317  1201        0.4761        0.5419   853802   13.81%
    826   724        0.5279  1173        0.4761        0.5419   859100   13.81%
    834   732        0.5238  1139        0.4761        0.5419   864598   13.81%
    842   740        0.5188  1099        0.4761        0.5419   870475   13.81%
Elapsed real time = 20316.87 sec. (tree size = 995.24 MB)
Nodefile size = 804.50 MB (672.22 MB after compression)
    850   748        0.5147  1077        0.4761        0.5419   874643   13.81%
    858   756        0.5107  1017        0.4761        0.5419   878749   13.81%
    866   764        0.5090  1038        0.4761        0.5419   882404   13.81%
    878   776        0.5039   995        0.4761        0.5419   887520   13.81%
    929   819        0.5257  1156        0.4761        0.5419   911020   13.81%
    941   827        0.5294  1195        0.4761        0.5419   920663   13.81%
                                                 ZeroHalf: 20                  
    949   835        0.5269  1166        0.4761        0.5419   926411   13.81%
    955   841        0.5229  1159        0.4761        0.5419   930208   13.81%
    965   851        0.5192  1120        0.4761        0.5419   936792   13.81%
    975   861        0.5139  1142        0.4761        0.5419   942022   13.81%
Elapsed real time = 21916.45 sec. (tree size = 1190.93 MB)
Nodefile size = 993.47 MB (835.20 MB after compression)
    987   873        0.5084  1027        0.4761        0.5419   950318   13.81%
    999   885        0.5030   941        0.4761        0.5419   955912   13.81%
   1011   897        0.4969   955        0.4761        0.5419   961493   13.81%
   1027   909        0.4927   844        0.4761        0.5419   968359   13.81%
   1049   931        0.4940   829        0.4761        0.5416   982084   13.76%
                                                  ZeroHalf: 3                  
   1058   940        0.5174  1154        0.4761        0.5416   986711   13.76%
   1066   948        0.5140  1130        0.4761        0.5416   989819   13.76%
   1078   960        0.5097  1067        0.4761        0.5416   993971   13.76%
   1090   972        0.5054  1038        0.4761        0.5416   997494   13.76%
   1102   980        0.5013  1011        0.4761        0.5416  1007688   13.76%
Elapsed real time = 23679.95 sec. (tree size = 1365.94 MB)
Nodefile size = 1162.20 MB (976.48 MB after compression)
   1114   990        0.4971  1011        0.4761        0.5416  1012852   13.76%
   1126  1000        0.4938   974        0.4761        0.5416  1021259   13.76%
   1135  1007        0.5111   921        0.4761        0.5416  1027169   13.76%
   1143  1013        0.5076  1033        0.4761        0.5416  1032156   13.76%
   1173  1043        0.5448  1352        0.4761        0.5416  1328841   13.76%
   1174  1044        0.5440  1352        0.4761        0.5416  1338571   13.76%
   1175  1045        0.5435  1359        0.4761        0.5416  1362357   13.76%
   1176  1046        0.5428  1345        0.4761        0.5416  1384143   13.76%
   1177  1046        0.5421  1331        0.4761        0.5416  1406562   13.76%
   1179  1047        0.5416  1320        0.4761        0.5416  1430694   13.76%
Elapsed real time = 29178.02 sec. (tree size = 135.87 MB)
   1181  1047        0.5414  1315        0.4761        0.5416  1448723   13.76%
   1184  1049        0.5411  1291        0.4761        0.5416  1463394   13.76%
   1185  1050        0.5398  1229        0.4761        0.5416  1489035   13.76%
   1188  1051        0.5396  1284        0.4761        0.5416  1541488   13.76%
   1190  1052        0.5386  1208        0.4761        0.5416  1565538   13.76%
   1194  1054        0.5360  1238        0.4761        0.5416  1582959   13.76%
   1198  1057        0.5370  1202        0.4761        0.5416  1601251   13.76%
   1207  1061        0.5324  1145        0.4761        0.5416  1634759   13.76%
   1208  1061        0.5366  1213        0.4761        0.5416  1641890   13.76%
   1210  1061        0.5340  1222        0.4761        0.5416  1650603   13.76%
Elapsed real time = 32793.62 sec. (tree size = 136.01 MB)
   1212  1063        0.5360  1198        0.4761        0.5416  1657815   13.76%
   1214  1063        0.5322  1230        0.4761        0.5416  1688219   13.76%
   1216  1064        0.5327  1178        0.4761        0.5416  1710139   13.76%
   1225  1069        0.5354  1175        0.4761        0.5416  1763607   13.76%
   1228  1070        0.5286  1149        0.4761        0.5416  1769100   13.76%
   1236  1072        0.5264  1082        0.4761        0.5416  1776260   13.76%
   1244  1076        0.5267  1079        0.4761        0.5416  1783271   13.76%
   1252  1078        0.5246  1058        0.4761        0.5416  1789446   13.76%
   1260  1083        0.5223  1038        0.4761        0.5416  1796010   13.76%
   1265  1087        0.5243  1043        0.4761        0.5416  1800280   13.76%
Elapsed real time = 35195.24 sec. (tree size = 146.66 MB)
   1273  1092        0.5211  1024        0.4761        0.5416  1805578   13.76%
   1276  1094        0.5077   896        0.4761        0.5416  1808689   13.76%
   1288  1102        0.5170   988        0.4761        0.5416  1816357   13.76%
   1292  1105        0.5163   957        0.4761        0.5416  1818373   13.76%
   1304  1115        0.5123   876        0.4761        0.5416  1824220   13.76%
   1316  1120        0.5082   866        0.4761        0.5416  1830287   13.76%
   1328  1128        0.5062   838        0.4761        0.5416  1836395   13.76%
   1332  1132        0.5041   843        0.4761        0.5416  1838411   13.76%
   1340  1135        0.5035   856        0.4761        0.5416  1842661   13.76%
   1356  1143        0.4995   792        0.4761        0.5416  1849389   13.76%
Elapsed real time = 36417.02 sec. (tree size = 181.33 MB)
   1368  1152        0.4952   755        0.4761        0.5416  1853922   13.76%
   1422  1177        0.5415  1342        0.4761        0.5416  1870499   13.76%
   1425  1172        0.5402  1321        0.4761        0.5416  1872071   13.76%
   1433  1172        0.5386  1269        0.4761        0.5416  1876960   13.76%
   1437  1175        0.5366  1252        0.4761        0.5416  1880232   13.76%
   1440  1175        0.5311  1158        0.4761        0.5416  1885230   13.76%
   1444  1178        0.5283  1088        0.4761        0.5416  1888561   13.76%
   1452  1183        0.5255  1044        0.4761        0.5416  1893980   13.76%
   1460  1187        0.5244  1032        0.4761        0.5416  1898873   13.76%
   1468  1194        0.5224  1035        0.4761        0.5416  1904091   13.76%
Elapsed real time = 37872.05 sec. (tree size = 391.16 MB)
Nodefile size = 109.47 MB (90.01 MB after compression)
   1476  1193        0.5184  1014        0.4761        0.5416  1908362   13.76%
   1481  1188        0.5198  1084        0.4761        0.5416  1911729   13.76%
   1483  1190        0.5389  1343        0.4761        0.5416  1924949   13.76%
   1487  1193        0.5382  1314        0.4761        0.5416  1927777   13.76%
   1516  1205        0.5369  1281        0.4761        0.5416  1950355   13.76%
   1520  1209        0.5353  1255        0.4761        0.5416  1953997   13.76%
   1524  1211        0.5340  1251        0.4761        0.5416  1957602   13.76%
   1528  1214        0.5334  1259        0.4761        0.5416  1961607   13.76%
   1532  1217        0.5318  1257        0.4761        0.5416  1964060   13.76%
   1536  1219        0.5314  1228        0.4761        0.5416  1967321   13.76%
Elapsed real time = 39470.41 sec. (tree size = 514.27 MB)
Nodefile size = 235.53 MB (190.06 MB after compression)
   1544  1223        0.5264  1227        0.4761        0.5416  1974419   13.76%
   1548  1225        0.5281  1216        0.4761        0.5416  1976991   13.76%
   1556  1227        0.5257  1192        0.4761        0.5416  1981653   13.76%
   1560  1229        0.5231  1180        0.4761        0.5416  1984171   13.76%
   1641  1260        0.5400  1271        0.4761        0.5416  2017143   13.76%
   1647  1264        0.5224  1179        0.4761        0.5416  2022113   13.76%
   1655  1268        0.5204  1156        0.4761        0.5416  2028133   13.76%
   1663  1265        0.5174  1150        0.4761        0.5416  2034263   13.76%
   1667  1268        0.5131  1149        0.4761        0.5416  2041678   13.76%
   1673  1270        0.5261  1168        0.4761        0.5416  2046626   13.76%
Elapsed real time = 41095.07 sec. (tree size = 685.05 MB)
Nodefile size = 408.03 MB (334.12 MB after compression)
   1681  1275        0.5219  1073        0.4761        0.5416  2053276   13.76%
   1689  1280        0.5185  1113        0.4761        0.5416  2059084   13.76%
   1697  1281        0.5155  1091        0.4761        0.5416  2064698   13.76%
   1707  1285        0.5046  1029        0.4761        0.5416  2071617   13.76%
   1717  1291        0.5078  1014        0.4761        0.5416  2076682   13.76%
   1730  1299        0.4989  1000        0.4761        0.5416  2083015   13.76%
   1759  1307        0.4974   961        0.4761        0.5416  2097020   13.76%
   1766  1308        0.5395  1224        0.4761        0.5416  2101145   13.76%
   1774  1311        0.5371  1175        0.4761        0.5416  2105544   13.76%
   1782  1308        0.5334  1172        0.4761        0.5416  2109272   13.76%
Elapsed real time = 42450.28 sec. (tree size = 833.09 MB)
Nodefile size = 570.58 MB (468.41 MB after compression)
   1788  1312        0.5386  1259        0.4761        0.5416  2113485   13.76%
   1792  1314        0.5367  1236        0.4761        0.5416  2116228   13.76%
   1800  1319        0.5344  1221        0.4761        0.5416  2121590   13.76%
   1808  1324        0.5304  1208        0.4761        0.5416  2125838   13.76%
   1816  1331        0.5280  1179        0.4761        0.5416  2129343   13.76%
   1824  1328        0.5239  1169        0.4761        0.5416  2132893   13.76%
   1854  1340        0.5211  1058        0.4761        0.5407  2158680   13.56%
   1864  1345        0.5207  1138        0.4761        0.5407  2165375   13.56%
   1872  1346        0.5179  1110        0.4761        0.5407  2170213   13.56%
   1880  1351        0.5142  1065        0.4761        0.5407  2174341   13.56%
Elapsed real time = 43991.21 sec. (tree size = 968.40 MB)
Nodefile size = 698.29 MB (574.35 MB after compression)
   1888  1354        0.5110  1046        0.4761        0.5407  2178512   13.56%
   1897  1358        0.5076  1033        0.4761        0.5407  2182560   13.56%
   1909  1365        0.5029   964        0.4761        0.5407  2187404   13.56%
   1924  1374        0.4978   940        0.4761        0.5407  2192576   13.56%
   1936  1379        0.4934   900        0.4761        0.5407  2196889   13.56%
   1944  1383        0.4897   896        0.4761        0.5407  2199862   13.56%
   1968  1394        0.4831   829        0.4761        0.5407  2206748   13.56%
   1990  1404        0.5341  1237        0.4761        0.5407  2218304   13.56%
   1998  1405        0.5317  1208        0.4761        0.5407  2222513   13.56%
   2003  1405        0.5220  1120        0.4761        0.5407  2227694   13.56%
Elapsed real time = 45322.59 sec. (tree size = 1001.59 MB)
Nodefile size = 698.29 MB (574.35 MB after compression)
   2004  1406        0.5354  1251        0.4761        0.5407  2228588   13.56%
   2011  1406        0.5271  1169        0.4761        0.5399  2235401   13.40%
   2019  1412        0.5227  1160        0.4761        0.5399  2241620   13.40%
   2027  1416        0.5193  1114        0.4761        0.5399  2247151   13.40%
   2035  1419        0.5163  1093        0.4761        0.5399  2252073   13.40%
   2045  1426        0.5235  1106        0.4761        0.5399  2258155   13.40%
   2051  1429        0.5086  1077        0.4761        0.5399  2262608   13.40%
   2063  1437        0.5021  1039        0.4761        0.5399  2268193   13.40%
   2071  1441        0.4985  1020        0.4761        0.5399  2272842   13.40%
   2075  1445        0.4967   966        0.4761        0.5399  2275300   13.40%
Elapsed real time = 46559.54 sec. (tree size = 1184.84 MB)
Nodefile size = 908.94 MB (749.55 MB after compression)
   2087  1451        0.4922   986        0.4761        0.5399  2280958   13.40%
   2093  1456        0.5003   907        0.4761        0.5399  2283291   13.40%
   2109  1468        0.4936   901        0.4761        0.5399  2289456   13.40%
   2125  1479        0.4868   829        0.4761        0.5399  2293953   13.40%
   2141  1480        0.4793   814        0.4761        0.5399  2297768   13.40%
   2143  1481        0.5384  1266        0.4761        0.5399  2299501   13.40%
   2159  1486        0.5210  1099        0.4761        0.5399  2313489   13.40%
   2162  1487        0.5376  1224        0.4761        0.5398  2317350   13.38%
   2170  1487        0.5353  1193        0.4761        0.5398  2322735   13.38%
   2176  1490        0.5349  1228        0.4761        0.5398  2330160   13.38%
Elapsed real time = 48106.04 sec. (tree size = 1369.18 MB)
Nodefile size = 1117.93 MB (923.01 MB after compression)
   2184  1495        0.5330  1231        0.4761        0.5398  2338902   13.38%
   2192  1500        0.5307  1195        0.4761        0.5398  2345756   13.38%
   2196  1502        0.5270  1184        0.4761        0.5398  2350186   13.38%
   2204  1509        0.5271  1152        0.4761        0.5398  2357408   13.38%
   2212  1515        0.5252  1200        0.4761        0.5398  2363075   13.38%
   2220  1519        0.5226  1126        0.4761        0.5398  2368962   13.38%
   2276  1546        0.4909   838        0.4761        0.5398  2396160   13.38%
   2286  1551        0.5191  1093        0.4761        0.5398  2401576   13.38%
   2294  1552        0.5165  1056        0.4761        0.5398  2404097   13.38%
   2297  1554        0.5261  1164        0.4761        0.5398  2408601   13.38%
Elapsed real time = 49671.95 sec. (tree size = 1535.27 MB)
Nodefile size = 1282.14 MB (1058.02 MB after compression)
   2305  1559        0.5233  1151        0.4761        0.5398  2413335   13.38%
   2313  1564        0.5201  1109        0.4761        0.5398  2417020   13.38%
   2325  1564        0.5155  1098        0.4761        0.5398  2421497   13.38%
   2333  1570        0.5120  1075        0.4761        0.5398  2426223   13.38%
   2345  1575        0.5075  1029        0.4761        0.5398  2434901   13.38%
   2356  1581        0.5312  1168        0.4761        0.5398  2441885   13.38%
   2364  1585        0.5284  1171        0.4761        0.5398  2446760   13.38%
   2372  1591        0.5286  1167        0.4761        0.5398  2451175   13.38%
   2380  1594        0.5214  1123        0.4761        0.5398  2455833   13.38%
   2388  1594        0.5253  1163        0.4761        0.5398  2459002   13.38%
Elapsed real time = 51144.29 sec. (tree size = 1564.51 MB)
Nodefile size = 1282.14 MB (1058.02 MB after compression)
   2396  1598        0.5184  1092        0.4761        0.5398  2466553   13.38%
   2400  1601        0.5148  1045        0.4761        0.5398  2469343   13.38%
   2459  1617        0.5108   969        0.4761        0.5393  2499413   13.28%
                                                 ZeroHalf: 50                  
   2465  1620        0.5284  1143        0.4761        0.5393  2504953   13.28%
   2473  1625        0.5261  1127        0.4761        0.5393  2509317   13.28%
   2481  1627        0.5228  1115        0.4761        0.5393  2515794   13.28%
   2489  1632        0.5168  1066        0.4761        0.5393  2521932   13.28%
   2501  1639        0.5107  1029        0.4761        0.5393  2528250   13.28%
   2509  1644        0.5070  1002        0.4761        0.5393  2532622   13.28%
   2517  1648        0.5045   973        0.4761        0.5393  2536020   13.28%
Elapsed real time = 52496.79 sec. (tree size = 1730.62 MB)
Nodefile size = 1408.20 MB (1162.40 MB after compression)
   2525  1654        0.4998   972        0.4761        0.5393  2539506   13.28%
   2539  1658        0.4948   911        0.4761        0.5393  2544693   13.28%
   2545  1658        0.4912   901        0.4761        0.5393  2549680   13.28%
   2554  1663        0.4866   877        0.4761        0.5393  2555298   13.28%
   2568  1670        0.4803   825        0.4761        0.5393  2560139   13.28%

There may be further error information in the clone logs.

Zero-half cuts applied:  667

Root node processing (before b&c):
  Real time             = 3383.86
Parallel b&c, 4 threads:
  Real time             = 49334.29
  Sync time (average)   =    0.01
  Wait time (average)   =    0.00
                          -------
Total (root+branch&cut) = 52718.15 sec.

Times (seconds):
Input =  0.177973
Solve =  184016
Output = 0.099985
CPLEX 12.4.0.0: ran out of memory.
0 MIP simplex iterations
0 branch-and-bound nodes
No basis.
_total_solve_user_time = 183860

t [*,*]
:   63  64  65  66  67  68  69  70  71  72  73  74  75  76  77  78  79  80  81 :=
1    0   0   0   0   0   0   0   0   0   0   0   0   0   0   0   0   0   0   0
2    0   0   0   0   0   0   0   0   0   0   0   0   0   0   0   0   0   0   0
3    0   0   0   0   0   0   0   0   0   0   0   0   0   0   0   0   0   0   0
4    0   0   0   0   0   0   0   0   0   0   0   0   0   0   0   0   0   0   0
5    0   0   0   0   0   0   0   0   0   0   0   0   0   0   0   0   0   0   0
6    0   0   0   0   0   0   0   0   0   0   0   0   0   0   0   0   0   0   0
7    0   0   0   0   0   0   0   0   0   0   0   0   0   0   0   0   0   0   0
8    0   0   0   0   0   0   0   0   0   0   0   0   0   0   0   0   0   0   0
9    0   0   0   0   0   0   0   0   0   0   0   0   0   0   0   0   0   0   0
10   0   0   0   0   0   0   0   0   0   0   0   0   0   0   0   0   0   0   0
11   0   0   0   0   0   0   0   0   0   0   0   0   0   0   0   0   0   0   0
12   0   0   0   0   0   0   0   0   0   0   0   0   0   0   0   0   0   0   0
13   0   0   0   0   0   0   0   0   0   0   0   0   0   0   0   0   0   0   0
14   0   0   0   0   0   0   0   0   0   0   0   0   0   0   0   0   0   0   0
15   0   0   0   0   0   0   0   0   0   0   0   0   0   0   0   0   0   0   0
16   0   0   0   0   0   0   0   0   0   0   0   0   0   0   0   0   0   0   0
17   0   0   0   0   0   0   0   0   0   0   0   0   0   0   0   0   0   0   0
18   0   0   0   0   0   0   0   0   0   0   0   0   0   0   0   0   0   0   0
19   0   0   0   0   0   0   0   0   0   0   0   0   0   0   0   0   0   0   0
20   0   0   0   0   0   0   0   0   0   0   0   0   0   0   0   0   0   0   0
21   0   0   0   0   0   0   0   0   0   0   0   0   0   0   0   0   0   0   0
22   0   0   0   0   0   0   0   0   0   0   0   0   0   0   0   0   0   0   0
23   0   0   0   0   0   0   0   0   0   0   0   0   0   0   0   0   0   0   0
24   0   0   0   0   0   0   0   0   0   0   0   0   0   0   0   0   0   0   0
25   0   0   0   0   0   0   0   0   0   0   0   0   0   0   0   0   0   0   0
26   0   0   0   0   0   0   0   0   0   0   0   0   0   0   0   0   0   0   0
27   0   0   0   0   0   0   0   0   0   0   0   0   0   0   0   0   0   0   0
28   0   0   0   0   0   0   0   0   0   0   0   0   0   0   0   0   0   0   0
29   0   0   0   0   0   0   0   0   0   0   0   0   0   0   0   0   0   0   0
30   0   0   0   0   0   0   0   0   0   0   0   0   0   0   0   0   0   0   0
31   0   0   0   0   0   0   0   0   0   0   0   0   0   0   0   0   0   0   0
32   0   0   0   0   0   0   0   0   0   0   0   0   0   0   0   0   0   0   0
33   0   0   0   0   0   0   0   0   0   0   0   0   0   0   0   0   0   0   0
34   0   0   0   0   0   0   0   0   0   0   0   0   0   0   0   0   0   0   0
35   0   0   0   0   0   0   0   0   0   0   0   0   0   0   0   0   0   0   0
36   0   0   0   0   0   0   0   0   0   0   0   0   0   0   0   0   0   0   0
37   0   0   0   0   0   0   0   0   0   0   0   0   0   0   0   0   0   0   0
38   0   0   0   0   0   0   0   0   0   0   0   0   0   0   0   0   0   0   0
39   0   0   0   0   0   0   0   0   0   0   0   0   0   0   0   0   0   0   0
40   0   0   0   0   0   0   0   0   0   0   0   0   0   0   0   0   0   0   0
41   0   0   0   0   0   0   0   0   0   0   0   0   0   0   0   0   0   0   0
42   0   0   0   0   0   0   0   0   0   0   0   0   0   0   0   0   0   0   0
43   0   0   0   0   0   0   0   0   0   0   0   0   0   0   0   0   0   0   0
44   0   0   0   0   0   0   0   0   0   0   0   0   0   0   0   0   0   0   0
45   0   0   0   0   0   0   0   0   0   0   0   0   0   0   0   0   0   0   0
46   0   0   0   0   0   0   0   0   0   0   0   0   0   0   0   0   0   0   0
47   0   0   0   0   0   0   0   0   0   0   0   0   0   0   0   0   0   0   0
48   0   0   0   0   0   0   0   0   0   0   0   0   0   0   0   0   0   0   0
49   0   0   0   0   0   0   0   0   0   0   0   0   0   0   0   0   0   0   0
50   0   0   0   0   0   0   0   0   0   0   0   0   0   0   0   0   0   0   0
51   0   0   0   0   0   0   0   0   0   0   0   0   0   0   0   0   0   0   0
52   0   0   0   0   0   0   0   0   0   0   0   0   0   0   0   0   0   0   0
53   0   0   0   0   0   0   0   0   0   0   0   0   0   0   0   0   0   0   0
54   0   0   0   0   0   0   0   0   0   0   0   0   0   0   0   0   0   0   0
55   0   0   0   0   0   0   0   0   0   0   0   0   0   0   0   0   0   0   0
56   0   0   0   0   0   0   0   0   0   0   0   0   0   0   0   0   0   0   0
57   0   0   0   0   0   0   0   0   0   0   0   0   0   0   0   0   0   0   0
58   0   0   0   0   0   0   0   0   0   0   0   0   0   0   0   0   0   0   0
59   0   0   0   0   0   0   0   0   0   0   0   0   0   0   0   0   0   0   0
60   0   0   0   0   0   0   0   0   0   0   0   0   0   0   0   0   0   0   0
61   0   0   0   0   0   0   0   0   0   0   0   0   0   0   0   0   0   0   0
62   0   0   0   0   0   0   0   0   0   0   0   0   0   0   0   0   0   0   0
63   .   0   0   0   0   0   0   0   0   0   0   0   0   0   0   0   0   0   0
64   .   .   0   0   0   0   0   0   0   0   0   0   0   0   0   0   0   0   0
65   .   .   .   0   0   0   0   0   0   0   0   0   0   0   0   0   0   0   0
66   .   .   .   .   0   0   0   0   0   0   0   0   0   0   0   0   0   0   0
67   .   .   .   .   .   0   0   0   0   0   0   0   0   0   0   0   0   0   0
68   .   .   .   .   .   .   0   0   0   0   0   0   0   0   0   0   0   0   0
69   .   .   .   .   .   .   .   0   0   0   0   0   0   0   0   0   0   0   0
70   .   .   .   .   .   .   .   .   0   0   0   0   0   0   0   0   0   0   0
71   .   .   .   .   .   .   .   .   .   0   0   0   0   0   0   0   0   0   0
72   .   .   .   .   .   .   .   .   .   .   0   0   0   0   0   0   0   0   0
73   .   .   .   .   .   .   .   .   .   .   .   0   0   0   0   0   0   0   0
74   .   .   .   .   .   .   .   .   .   .   .   .   0   0   0   0   0   0   0
75   .   .   .   .   .   .   .   .   .   .   .   .   .   0   0   0   0   0   0
76   .   .   .   .   .   .   .   .   .   .   .   .   .   .   0   0   0   0   0
77   .   .   .   .   .   .   .   .   .   .   .   .   .   .   .   0   0   0   0
78   .   .   .   .   .   .   .   .   .   .   .   .   .   .   .   .   0   0   0
79   .   .   .   .   .   .   .   .   .   .   .   .   .   .   .   .   .   0   0
80   .   .   .   .   .   .   .   .   .   .   .   .   .   .   .   .   .   .   0

:   82  83  84  85  86  87  88  89  90  91  92  93  94  95  96  97  98  99 100 :=
1    0   0   0   0   0   0   0   0   0   0   0   0   0   0   0   0   0   0   0
2    0   0   0   0   0   0   0   0   0   0   0   0   0   0   0   0   0   0   0
3    0   0   0   0   0   0   0   0   0   0   0   0   0   0   0   0   0   0   0
4    0   0   0   0   0   0   0   0   0   0   0   0   0   0   0   0   0   0   0
5    0   0   0   0   0   0   0   0   0   0   0   0   0   0   0   0   0   0   0
6    0   0   0   0   0   0   0   0   0   0   0   0   0   0   0   0   0   0   0
7    0   0   0   0   0   0   0   0   0   0   0   0   0   0   0   0   0   0   0
8    0   0   0   0   0   0   0   0   0   0   0   0   0   0   0   0   0   0   0
9    0   0   0   0   0   0   0   0   0   0   0   0   0   0   0   0   0   0   0
10   0   0   0   0   0   0   0   0   0   0   0   0   0   0   0   0   0   0   0
11   0   0   0   0   0   0   0   0   0   0   0   0   0   0   0   0   0   0   0
12   0   0   0   0   0   0   0   0   0   0   0   0   0   0   0   0   0   0   0
13   0   0   0   0   0   0   0   0   0   0   0   0   0   0   0   0   0   0   0
14   0   0   0   0   0   0   0   0   0   0   0   0   0   0   0   0   0   0   0
15   0   0   0   0   0   0   0   0   0   0   0   0   0   0   0   0   0   0   0
16   0   0   0   0   0   0   0   0   0   0   0   0   0   0   0   0   0   0   0
17   0   0   0   0   0   0   0   0   0   0   0   0   0   0   0   0   0   0   0
18   0   0   0   0   0   0   0   0   0   0   0   0   0   0   0   0   0   0   0
19   0   0   0   0   0   0   0   0   0   0   0   0   0   0   0   0   0   0   0
20   0   0   0   0   0   0   0   0   0   0   0   0   0   0   0   0   0   0   0
21   0   0   0   0   0   0   0   0   0   0   0   0   0   0   0   0   0   0   0
22   0   0   0   0   0   0   0   0   0   0   0   0   0   0   0   0   0   0   0
23   0   0   0   0   0   0   0   0   0   0   0   0   0   0   0   0   0   0   0
24   0   0   0   0   0   0   0   0   0   0   0   0   0   0   0   0   0   0   0
25   0   0   0   0   0   0   0   0   0   0   0   0   0   0   0   0   0   0   0
26   0   0   0   0   0   0   0   0   0   0   0   0   0   0   0   0   0   0   0
27   0   0   0   0   0   0   0   0   0   0   0   0   0   0   0   0   0   0   0
28   0   0   0   0   0   0   0   0   0   0   0   0   0   0   0   0   0   0   0
29   0   0   0   0   0   0   0   0   0   0   0   0   0   0   0   0   0   0   0
30   0   0   0   0   0   0   0   0   0   0   0   0   0   0   0   0   0   0   0
31   0   0   0   0   0   0   0   0   0   0   0   0   0   0   0   0   0   0   0
32   0   0   0   0   0   0   0   0   0   0   0   0   0   0   0   0   0   0   0
33   0   0   0   0   0   0   0   0   0   0   0   0   0   0   0   0   0   0   0
34   0   0   0   0   0   0   0   0   0   0   0   0   0   0   0   0   0   0   0
35   0   0   0   0   0   0   0   0   0   0   0   0   0   0   0   0   0   0   0
36   0   0   0   0   0   0   0   0   0   0   0   0   0   0   0   0   0   0   0
37   0   0   0   0   0   0   0   0   0   0   0   0   0   0   0   0   0   0   0
38   0   0   0   0   0   0   0   0   0   0   0   0   0   0   0   0   0   0   0
39   0   0   0   0   0   0   0   0   0   0   0   0   0   0   0   0   0   0   0
40   0   0   0   0   0   0   0   0   0   0   0   0   0   0   0   0   0   0   0
41   0   0   0   0   0   0   0   0   0   0   0   0   0   0   0   0   0   0   0
42   0   0   0   0   0   0   0   0   0   0   0   0   0   0   0   0   0   0   0
43   0   0   0   0   0   0   0   0   0   0   0   0   0   0   0   0   0   0   0
44   0   0   0   0   0   0   0   0   0   0   0   0   0   0   0   0   0   0   0
45   0   0   0   0   0   0   0   0   0   0   0   0   0   0   0   0   0   0   0
46   0   0   0   0   0   0   0   0   0   0   0   0   0   0   0   0   0   0   0
47   0   0   0   0   0   0   0   0   0   0   0   0   0   0   0   0   0   0   0
48   0   0   0   0   0   0   0   0   0   0   0   0   0   0   0   0   0   0   0
49   0   0   0   0   0   0   0   0   0   0   0   0   0   0   0   0   0   0   0
50   0   0   0   0   0   0   0   0   0   0   0   0   0   0   0   0   0   0   0
51   0   0   0   0   0   0   0   0   0   0   0   0   0   0   0   0   0   0   0
52   0   0   0   0   0   0   0   0   0   0   0   0   0   0   0   0   0   0   0
53   0   0   0   0   0   0   0   0   0   0   0   0   0   0   0   0   0   0   0
54   0   0   0   0   0   0   0   0   0   0   0   0   0   0   0   0   0   0   0
55   0   0   0   0   0   0   0   0   0   0   0   0   0   0   0   0   0   0   0
56   0   0   0   0   0   0   0   0   0   0   0   0   0   0   0   0   0   0   0
57   0   0   0   0   0   0   0   0   0   0   0   0   0   0   0   0   0   0   0
58   0   0   0   0   0   0   0   0   0   0   0   0   0   0   0   0   0   0   0
59   0   0   0   0   0   0   0   0   0   0   0   0   0   0   0   0   0   0   0
60   0   0   0   0   0   0   0   0   0   0   0   0   0   0   0   0   0   0   0
61   0   0   0   0   0   0   0   0   0   0   0   0   0   0   0   0   0   0   0
62   0   0   0   0   0   0   0   0   0   0   0   0   0   0   0   0   0   0   0
63   0   0   0   0   0   0   0   0   0   0   0   0   0   0   0   0   0   0   0
64   0   0   0   0   0   0   0   0   0   0   0   0   0   0   0   0   0   0   0
65   0   0   0   0   0   0   0   0   0   0   0   0   0   0   0   0   0   0   0
66   0   0   0   0   0   0   0   0   0   0   0   0   0   0   0   0   0   0   0
67   0   0   0   0   0   0   0   0   0   0   0   0   0   0   0   0   0   0   0
68   0   0   0   0   0   0   0   0   0   0   0   0   0   0   0   0   0   0   0
69   0   0   0   0   0   0   0   0   0   0   0   0   0   0   0   0   0   0   0
70   0   0   0   0   0   0   0   0   0   0   0   0   0   0   0   0   0   0   0
71   0   0   0   0   0   0   0   0   0   0   0   0   0   0   0   0   0   0   0
72   0   0   0   0   0   0   0   0   0   0   0   0   0   0   0   0   0   0   0
73   0   0   0   0   0   0   0   0   0   0   0   0   0   0   0   0   0   0   0
74   0   0   0   0   0   0   0   0   0   0   0   0   0   0   0   0   0   0   0
75   0   0   0   0   0   0   0   0   0   0   0   0   0   0   0   0   0   0   0
76   0   0   0   0   0   0   0   0   0   0   0   0   0   0   0   0   0   0   0
77   0   0   0   0   0   0   0   0   0   0   0   0   0   0   0   0   0   0   0
78   0   0   0   0   0   0   0   0   0   0   0   0   0   0   0   0   0   0   0
79   0   0   0   0   0   0   0   0   0   0   0   0   0   0   0   0   0   0   0
80   0   0   0   0   0   0   0   0   0   0   0   0   0   0   0   0   0   0   0
81   0   0   0   0   0   0   0   0   0   0   0   0   0   0   0   0   0   0   0
82   .   0   0   0   0   0   0   0   0   0   0   0   0   0   0   0   0   0   0
83   .   .   0   0   0   0   0   0   0   0   0   0   0   0   0   0   0   0   0
84   .   .   .   0   0   0   0   0   0   0   0   0   0   0   0   0   0   0   0
85   .   .   .   .   0   0   0   0   0   0   0   0   0   0   0   0   0   0   0
86   .   .   .   .   .   0   0   0   0   0   0   0   0   0   0   0   0   0   0
87   .   .   .   .   .   .   0   0   0   0   0   0   0   0   0   0   0   0   0
88   .   .   .   .   .   .   .   0   0   0   0   0   0   0   0   0   0   0   0
89   .   .   .   .   .   .   .   .   0   0   0   0   0   0   0   0   0   0   0
90   .   .   .   .   .   .   .   .   .   0   0   0   0   0   0   0   0   0   0
91   .   .   .   .   .   .   .   .   .   .   0   0   0   0   0   0   0   0   0
92   .   .   .   .   .   .   .   .   .   .   .   0   0   0   0   0   0   0   0
93   .   .   .   .   .   .   .   .   .   .   .   .   0   0   0   0   0   0   0
94   .   .   .   .   .   .   .   .   .   .   .   .   .   0   0   0   0   0   0
95   .   .   .   .   .   .   .   .   .   .   .   .   .   .   0   0   0   0   0
96   .   .   .   .   .   .   .   .   .   .   .   .   .   .   .   0   0   0   0
97   .   .   .   .   .   .   .   .   .   .   .   .   .   .   .   .   0   0   0
98   .   .   .   .   .   .   .   .   .   .   .   .   .   .   .   .   .   0   0
99   .   .   .   .   .   .   .   .   .   .   .   .   .   .   .   .   .   .   0

:   101 102    :=
1     0   0
2     0   0
3     0   0
4     0   0
5     0   0
6     0   0
7     0   0
8     0   0
9     0   0
10    0   0
11    0   0
12    0   0
13    0   0
14    0   0
15    0   0
16    0   0
17    0   0
18    0   0
19    0   0
20    0   0
21    0   0
22    0   0
23    0   0
24    0   0
25    0   0
26    0   0
27    0   0
28    0   0
29    0   0
30    0   0
31    0   0
32    0   0
33    0   0
34    0   0
35    0   0
36    0   0
37    0   0
38    0   0
39    0   0
40    0   0
41    0   0
42    0   0
43    0   0
44    0   0
45    0   0
46    0   0
47    0   0
48    0   0
49    0   0
50    0   0
51    0   0
52    0   0
53    0   0
54    0   0
55    0   0
56    0   0
57    0   0
58    0   0
59    0   0
60    0   0
61    0   0
62    0   0
63    0   0
64    0   0
65    0   0
66    0   0
67    0   0
68    0   0
69    0   0
70    0   0
71    0   0
72    0   0
73    0   0
74    0   0
75    0   0
76    0   0
77    0   0
78    0   0
79    0   0
80    0   0
81    0   0
82    0   0
83    0   0
84    0   0
85    0   0
86    0   0
87    0   0
88    0   0
89    0   0
90    0   0
91    0   0
92    0   0
93    0   0
94    0   0
95    0   0
96    0   0
97    0   0
98    0   0
99    0   0
100   0   0
101   .   0
;

