cl = 14

CPLEX 12.4.0.0: timing=1
varsel=4
mipdisplay=4
MIP Presolve eliminated 954 rows and 688 columns.
MIP Presolve modified 7621 coefficients.
Reduced MIP has 2436 rows, 1886 columns, and 31219 nonzeros.
Reduced MIP has 552 binaries, 0 generals, 0 SOSs, and 0 indicators.
Probing fixed 1 vars, tightened 561 bounds.
Probing time =    0.52 sec.
MIP Presolve eliminated 2 rows and 2 columns.
MIP Presolve modified 12 coefficients.
Reduced MIP has 2434 rows, 1884 columns, and 31129 nonzeros.
Reduced MIP has 551 binaries, 0 generals, 0 SOSs, and 0 indicators.
Probing time =    0.01 sec.
Clique table members: 3330.
MIP emphasis: balance optimality and feasibility.
MIP search method: dynamic search.
Parallel mode: deterministic, using up to 4 threads.
Root relaxation solution time =    0.17 sec.

        Nodes                                         Cuts/
   Node  Left     Objective  IInf  Best Integer    Best Bound    ItCnt     Gap

      0     0        0.9728    85                      0.9728     1675         
*     0+    0                            0.0237        0.9728     1675     --- 
      0     0        0.9592    81        0.0237      Fract: 2     1716     --- 
      0     0        0.9576    82        0.0237      Fract: 1     1794     --- 
*     0+    0                            0.0687        0.9576     1794     --- 
      0     2        0.9576    82        0.0687        0.9576     1794     --- 
Elapsed real time =   3.22 sec. (tree size =  0.01 MB)
      3     5        0.4327    67        0.0687        0.9095     4423     --- 
*     5+    5                            0.0881        0.9095     5273  932.14%
     11    13        0.3438    24        0.0881        0.8824     8706  901.39%
*    26+   26                            0.1290        0.8824    16591  583.92%
     26    28        0.3538    24        0.1290        0.8824    16591  583.92%
     38    40        0.1665    31        0.1290        0.8824    23110  583.92%
     57    57        0.6208    90        0.1290        0.8824    27971  583.92%
*   107+   95                            0.1848        0.8824    34283  377.44%
    112   100        0.8241   244        0.1848        0.8824    35807  377.44%
*   120+   99                            0.2171        0.8824    37356  306.38%
    164   114        0.7303   131        0.2171        0.8784    42169  304.52%
*   178+  122                            0.2264        0.8784    43574  288.05%
    235   155        0.5830    98        0.2264        0.8784    48278  288.05%
*   292+  194                            0.2486        0.8393    53815  237.62%
*   292+  194                            0.2608        0.8393    53815  221.77%
    300   204        0.3495    86        0.2608        0.8393    54710  221.77%
*   536+  398                            0.2863        0.8393    74765  193.11%
    561   394        0.7739   208        0.2863        0.8241    76850  187.83%
                                                  Impl Bds: 6                  
Elapsed real time =  15.46 sec. (tree size =  1.89 MB)
*   716+  519                            0.3184        0.8127    95574  155.24%
    747   546        0.6659   124        0.3184        0.8127    99161  155.24%
   1034   748        0.5261   117        0.3184        0.8005   126268  151.42%
                                                  Impl Bds: 2                  
   1255   951        0.9520   203        0.3184        0.7968   146170  150.26%
*  1259+  634                            0.3212        0.7968   149197  148.10%
   1274   642        0.8171   100        0.3212        0.7968   161286  148.10%
   1341   548        0.6779   222        0.3212        0.7968   180173  148.10%
   1408   523        0.7921   197        0.3212        0.7968   196401  148.10%
   1573   553        0.6360   105        0.3212        0.7968   219142  148.10%
   1776   651        0.7974   272        0.3212        0.7968   241150  148.10%
   1935   704        0.7271   208        0.3212        0.7968   265466  148.10%
   2158   792        0.6671   271        0.3212        0.7968   289448  148.10%
                                                    Covers: 2                  
Elapsed real time =  44.04 sec. (tree size = 16.83 MB)
   2392   976        0.6928   161        0.3212        0.7968   312435  148.10%
   2626  1186        0.3788    80        0.3212        0.7907   336137  146.18%
                                                    Covers: 7                  
   2781  1322        0.6823   119        0.3212        0.7907   354151  146.18%
                                                    Covers: 3                  
   3015  1530        0.6032   108        0.3212        0.7794   383912  142.69%
   3303  1791        0.7148   138        0.3212        0.7765   408733  141.76%
   3617  2070        0.6330    94        0.3212        0.7751   433727  141.34%
                                                    Covers: 3                  
   3856  2302        0.4965    91        0.3212        0.7729   455001  140.65%
   4169  2536        0.5839   150        0.3212        0.7686   484281  139.32%
   4383  2727        0.6145   100        0.3212        0.7636   506031  137.74%
   4715  3028        0.4855   121        0.3212        0.7601   535892  136.68%
Elapsed real time =  72.93 sec. (tree size = 59.62 MB)
   4927  3206        0.3852    78        0.3212        0.7601   561036  136.68%
   5191  3423        0.6856   176        0.3212        0.7551   586377  135.12%
   5510  3712        0.3827    58        0.3212        0.7524   614010  134.27%
   5743  3911        0.5318   197        0.3212        0.7492   641458  133.28%
   5977  4121        0.6591   207        0.3212        0.7492   664435  133.28%
   6279  4381        0.5935   140        0.3212        0.7456   693870  132.15%
   6579  4642        0.5963   137        0.3212        0.7406   721184  130.61%
                                                    Covers: 6                  
   6812  4832        0.6698   221        0.3212        0.7406   744539  130.61%
   7096  5080        0.5112   106        0.3212        0.7380   773335  129.78%
   7331  5281        0.4331   105        0.3212        0.7380   798940  129.78%
Elapsed real time = 107.29 sec. (tree size = 111.43 MB)
   7685  5576        0.5578   134        0.3212        0.7348   828987  128.78%
                                                    Covers: 1                  
   7945  5808        0.5259   192        0.3212        0.7348   848554  128.78%
   8231  6062        0.6277    90        0.3212        0.7322   878760  127.98%
                                                    Covers: 2                  
   8494  6291        0.4280   101        0.3212        0.7322   903060  127.98%
   8770  6535        0.3830    79        0.3212        0.7298   926833  127.23%
                                                    Covers: 1                  
*  8924+ 6665                            0.3291        0.7298   940782  121.74%
*  8964+ 6700                            0.3420        0.7298   943453  113.39%
   9106  6815        0.5061    85        0.3420        0.7298   956990  113.39%
   9360  6664        0.3678    84        0.3420        0.7268   984173  112.51%
                                                    Covers: 6                  
   9673  6938        0.7071   240        0.3420        0.7268  1010728  112.51%
   9878  7123        0.4863   144        0.3420        0.7268  1029214  112.51%
  10219  7418        0.6927   197        0.3420        0.7244  1060940  111.80%
Elapsed real time = 147.49 sec. (tree size = 168.12 MB)
Nodefile size = 34.32 MB (28.55 MB after compression)
  10523  7678        0.6084   170        0.3420        0.7244  1085597  111.80%
  10853  7961        0.5581   103        0.3420        0.7211  1116431  110.84%
  11069  8143        0.6818   170        0.3420        0.7211  1139495  110.84%
  11401  8413        0.6684   143        0.3420        0.7211  1172336  110.84%
  11668  8644        0.6665   256        0.3420        0.7170  1195930  109.66%
  11937  8868        0.5664   119        0.3420        0.7170  1220013  109.66%
  12221  9118        0.5460   183        0.3420        0.7170  1244325  109.66%
  12434  9286        0.4678    69        0.3420        0.7143  1273213  108.87%
  12759  9559        0.5046   146        0.3420        0.7143  1305115  108.87%
  12991  9764        0.6611   145        0.3420        0.7143  1324402  108.87%
Elapsed real time = 184.18 sec. (tree size = 217.83 MB)
Nodefile size = 80.90 MB (67.66 MB after compression)
  13222  9951        0.3881    71        0.3420        0.7109  1350376  107.86%
  13541 10227        0.4538   101        0.3420        0.7109  1378504  107.86%
  13868 10501        0.5481   100        0.3420        0.7109  1406718  107.86%
  14074 10674        0.4639   163        0.3420        0.7083  1435750  107.11%
  14302 10860        0.3964   108        0.3420        0.7083  1458720  107.11%
  14606 11109        0.6323   117        0.3420        0.7083  1488686  107.11%
  14859 11317        0.4222   101        0.3420        0.7063  1514787  106.53%
                                                    Covers: 4                  
  15099 11520        0.4592   187        0.3420        0.7063  1537723  106.53%
  15434 11810        0.5902   173        0.3420        0.7047  1567403  106.04%
  15714 12062        0.5575    98        0.3420        0.7047  1593806  106.04%
Elapsed real time = 220.26 sec. (tree size = 277.48 MB)
Nodefile size = 142.49 MB (119.60 MB after compression)
  16070 12390        0.6695   201        0.3420        0.7047  1618702  106.04%
  16337 12618        0.5912   123        0.3420        0.7028  1646119  105.48%
                                                    Covers: 1                  
  16620 12867        0.4876   154        0.3420        0.7028  1671091  105.48%
  16968 13161        0.4610   164        0.3420        0.7028  1698248  105.48%
  17215 13357        0.5602   159        0.3420        0.7002  1722318  104.73%
  17423 13527        0.6187   115        0.3420        0.7002  1744182  104.73%
  17615 13686        0.5353   257        0.3420        0.7002  1764093  104.73%
  18132 14130        0.6195   149        0.3420        0.6992  1805863  104.43%
                                                    Covers: 2                  
  18381 14330        cutoff              0.3420        0.6992  1832994  104.43%
  18565 14484        0.5348   107        0.3420        0.6992  1852791  104.43%
Elapsed real time = 259.24 sec. (tree size = 327.25 MB)
Nodefile size = 194.06 MB (162.94 MB after compression)
  18949 14806        0.4120    76        0.3420        0.6972  1885899  103.85%
                                                   Covers: 10                  
  19229 15034        0.6465   167        0.3420        0.6972  1910774  103.85%
  19590 15350        0.4999   138        0.3420        0.6953  1943907  103.31%
  19882 15590        0.3599    54        0.3420        0.6953  1970195  103.31%
  20120 15779        cutoff              0.3420        0.6953  1990722  103.31%
  20501 16110        0.5445   196        0.3420        0.6934  2021078  102.73%
                                                    Covers: 7                  
  20722 16299        0.4621   136        0.3420        0.6934  2044086  102.73%
  20983 16517        0.3994   138        0.3420        0.6934  2074773  102.73%
  21324 16796        0.5335   225        0.3420        0.6923  2102488  102.42%
  21565 17004        0.5571   103        0.3420        0.6923  2125484  102.42%
Elapsed real time = 299.79 sec. (tree size = 402.06 MB)
Nodefile size = 266.42 MB (224.07 MB after compression)
  21885 17262        0.6603   150        0.3420        0.6923  2153133  102.42%
  22111 17437        0.5659   121        0.3420        0.6913  2179860  102.12%
                                                    Covers: 1                  
  22343 17633        0.5998   142        0.3420        0.6913  2198415  102.12%
  22736 17968        0.3769    84        0.3420        0.6900  2238313  101.76%
  23022 18200        0.5125   147        0.3420        0.6900  2261350  101.76%
  23255 18399        0.5191   111        0.3420        0.6900  2287807  101.76%
  23563 18657        0.4256    88        0.3420        0.6884  2318968  101.29%
  23798 18843        0.4833   134        0.3420        0.6884  2340577  101.29%
  24174 19165        0.5989   130        0.3420        0.6884  2367780  101.29%
  24680 19594        0.6189   172        0.3420        0.6869  2411292  100.86%
Elapsed real time = 349.40 sec. (tree size = 468.34 MB)
Nodefile size = 356.04 MB (298.80 MB after compression)
  25868 20616        0.4828   135        0.3420        0.6861  2519815  100.63%
                                                    Covers: 2                  
  26916 21474        0.6778   128        0.3420        0.6839  2627301   99.96%
                                                    Covers: 3                  
  27786 22170        0.6528   118        0.3420        0.6832  2723282   99.76%
                                                   Covers: 14                  
  29058 23234        0.6656   179        0.3420        0.6815  2841668   99.26%
                                                   Covers: 10                  
  30228 24201        0.5466   111        0.3420        0.6804  2945101   98.95%
  31430 25204        cutoff              0.3420        0.6784  3054075   98.36%
                                                    Covers: 3                  
  32468 26057        0.4454    92        0.3420        0.6776  3152630   98.12%
                                                    Covers: 1                  
  33688 27061        0.4615    88        0.3420        0.6771  3266039   97.98%
  34767 27979        0.6535   127        0.3420        0.6757  3365506   97.56%
  35926 28949        0.5291   126        0.3420        0.6748  3476115   97.30%
Elapsed real time = 489.04 sec. (tree size = 691.37 MB)
Nodefile size = 558.39 MB (468.56 MB after compression)
  36981 29814        0.4287   114        0.3420        0.6735  3580944   96.92%
  37948 30580        0.5751   102        0.3420        0.6729  3680795   96.74%
  38926 31364        0.4334    95        0.3420        0.6714  3791357   96.32%
  40117 32318        0.6517   104        0.3420        0.6709  3902174   96.16%
  41149 33151        cutoff              0.3420        0.6699  4008739   95.87%
                                                    Covers: 8                  
  42205 34040        0.4328   104        0.3420        0.6693  4113617   95.70%
  43262 34901        0.6110   146        0.3420        0.6684  4223172   95.45%
                                                    Covers: 6                  
  44303 35751        0.6601   126        0.3420        0.6680  4327721   95.31%
                                                    Covers: 1                  
  45417 36696        0.4508    79        0.3420        0.6675  4435416   95.17%
  46479 37574        0.5820    94        0.3420        0.6664  4540792   94.86%
                                                    Covers: 2                  
Elapsed real time = 646.36 sec. (tree size = 905.30 MB)
Nodefile size = 771.07 MB (646.81 MB after compression)
  47453 38367        0.5800   147        0.3420        0.6659  4640054   94.70%
                                                    Covers: 2                  
  48597 39309        0.6327   174        0.3420        0.6651  4743926   94.47%
                                                    Covers: 2                  
  49646 40189        cutoff              0.3420        0.6643  4857315   94.23%
                                                    Covers: 5                  
  50699 41054        0.6368   122        0.3420        0.6638  4962522   94.11%
                                                    Covers: 3                  
  51691 41855        0.3983    88        0.3420        0.6634  5056023   93.96%
  52725 42655        0.5402    85        0.3420        0.6622  5167704   93.62%
                                                    Covers: 6                  
  53706 43446        0.5777   147        0.3420        0.6618  5270125   93.50%
                                                    Covers: 3                  
  54939 44481        0.5747   123        0.3420        0.6611  5382578   93.32%
  56027 45365        0.6157   127        0.3420        0.6607  5489718   93.18%
  57067 46200        0.3488    91        0.3420        0.6601  5594653   93.01%
                                                    Covers: 4                  
Elapsed real time = 786.67 sec. (tree size = 1117.23 MB)
Nodefile size = 984.07 MB (825.91 MB after compression)
  58131 47084        0.4873   148        0.3420        0.6596  5696602   92.88%
  59184 47939        0.4995   164        0.3420        0.6594  5805440   92.82%
  60128 48701        0.5109   141        0.3420        0.6587  5906151   92.59%
                                                    Covers: 4                  
  61322 49700        0.4910   104        0.3420        0.6584  6017134   92.51%
                                                    Covers: 1                  
  62420 50600        0.6262   111        0.3420        0.6578  6126421   92.33%
  63430 51428        0.4273   104        0.3420        0.6574  6225293   92.22%
                                                    Covers: 1                  
  64435 52244        0.6161   137        0.3420        0.6567  6333750   92.01%
                                                    Covers: 6                  
  65508 53119        0.4847   126        0.3420        0.6564  6437314   91.93%
  66584 53995        cutoff              0.3420        0.6557  6548931   91.71%
  67595 54795        0.4989    97        0.3420        0.6553  6658912   91.60%
                                                    Covers: 1                  
Elapsed real time = 959.39 sec. (tree size = 1334.17 MB)
Nodefile size = 1200.11 MB (1006.39 MB after compression)
  68557 55601        0.5947   122        0.3420        0.6550  6757313   91.53%
  69707 56543        0.5110   115        0.3420        0.6544  6866488   91.34%
                                                    Covers: 5                  
  70726 57376        cutoff              0.3420        0.6543  6971951   91.30%
  71881 58321        0.4217    80        0.3420        0.6536  7079032   91.11%
  72960 59192        0.4602    89        0.3420        0.6533  7180088   91.02%
  74177 60184        0.6077   106        0.3420        0.6527  7290204   90.84%
  75228 61039        0.5471   108        0.3420        0.6525  7398207   90.78%
  76266 61867        0.5287   114        0.3420        0.6523  7503701   90.73%
  77365 62757        0.4679   101        0.3420        0.6516  7608945   90.52%
                                                    Covers: 5                  
  78324 63535        0.6186   135        0.3420        0.6513  7704664   90.45%
Elapsed real time = 1160.45 sec. (tree size = 1537.55 MB)
Nodefile size = 1401.79 MB (1174.65 MB after compression)
  79478 64472        0.3797    79        0.3420        0.6508  7819627   90.29%
                                                    Covers: 2                  
  80416 65224        0.5987   133        0.3420        0.6505  7926119   90.21%
  81450 66063        0.5108   113        0.3420        0.6500  8033580   90.06%
  82419 66836        0.6010   145        0.3420        0.6498  8137593   90.00%
  83627 67847        0.4640   145        0.3420        0.6496  8246244   89.94%
                                                    Covers: 2                  
  84821 68833        0.5047   131        0.3420        0.6490  8355950   89.78%
                                                    Covers: 2                  
  85793 69605        0.5859    93        0.3420        0.6487  8459834   89.68%
  87009 70599        0.3913    83        0.3420        0.6482  8569996   89.53%
  87955 71359        0.4752    77        0.3420        0.6479  8664542   89.45%
  89046 72208        0.6248   179        0.3420        0.6474  8781468   89.30%
Elapsed real time = 1391.13 sec. (tree size = 1778.66 MB)
Nodefile size = 1645.89 MB (1379.22 MB after compression)
  90107 73078        0.5562   126        0.3420        0.6471  8887228   89.22%
  91023 73830        0.4788    83        0.3420        0.6469  8981353   89.15%
                                                    Covers: 5                  
  92303 74874        0.6009   177        0.3420        0.6465  9099173   89.03%
                                                    Covers: 2                  
  93346 75697        0.4491   114        0.3420        0.6463  9198855   88.96%
  94410 76562        0.5732   118        0.3420        0.6459  9303927   88.85%
                                                    Covers: 4                  
  95400 77362        0.4417   104        0.3420        0.6456  9406262   88.76%
  96435 78210        0.4129    91        0.3420        0.6454  9512091   88.71%
  97596 79147        0.4697    95        0.3420        0.6452  9615880   88.65%
  98799 80120        0.4949   106        0.3420        0.6447  9722928   88.51%
  99929 81006        0.4215    78        0.3420        0.6445  9829536   88.45%
                                                    Covers: 2                  
Elapsed real time = 1571.06 sec. (tree size = 1978.76 MB)
Nodefile size = 1842.33 MB (1542.64 MB after compression)
 101088 81953        0.5544   111        0.3420        0.6441  9932317   88.34%
 102054 82716        0.6138   112        0.3420        0.6440 10036404   88.31%
                                                    Covers: 1                  
 103210 83666        0.6156   142        0.3420        0.6436 10144574   88.19%
                                                    Covers: 7                  
 104205 84467        0.3639   102        0.3420        0.6434 10241644   88.14%
                                                    Covers: 3                  
 105278 85316        0.6292   104        0.3420        0.6432 10349500   88.07%
                                                    Covers: 4                  
 106349 86138        0.4926   112        0.3420        0.6427 10457954   87.93%
 107427 86994        0.6160   143        0.3420        0.6425 10561887   87.87%
 108400 87767        0.4183   102        0.3420        0.6421 10669941   87.76%
 109362 88550        0.3957    79        0.3420        0.6420 10772889   87.71%
                                                    Covers: 3                  
 110474 89422        0.4583   132        0.3420        0.6415 10882551   87.58%
                                                    Covers: 1                  
Elapsed real time = 1710.95 sec. (tree size = 2189.26 MB)
Nodefile size = 2056.70 MB (1721.41 MB after compression)
 111448 90204        0.4567    93        0.3420        0.6414 10980932   87.54%
                                                    Covers: 6                  
 112500 91045        0.6199   107        0.3420        0.6413 11091903   87.50%
                                                    Covers: 4                  
 113597 91922        0.6255   102        0.3420        0.6408 11196928   87.38%
 114561 92677        0.4106   121        0.3420        0.6407 11295672   87.33%
                                                    Covers: 2                  
 115779 93678        0.5654    88        0.3420        0.6403 11406464   87.23%
 116823 94533        cutoff              0.3420        0.6401 11506340   87.16%
 117961 95478        0.4393    77        0.3420        0.6398 11620476   87.09%
 119002 96283        0.4642   109        0.3420        0.6396 11724530   87.03%
 119940 97022        0.5553   116        0.3420        0.6395 11829292   86.99%
 120917 97791        cutoff              0.3420        0.6392 11932520   86.89%
Elapsed real time = 1847.71 sec. (tree size = 2391.02 MB)
Nodefile size = 2257.11 MB (1888.65 MB after compression)
 122012 98680        0.3852    68        0.3420        0.6390 12039999   86.85%
 123218 99644        0.5303    97        0.3420        0.6387 12154063   86.74%
 124252 100481        0.4250   117        0.3420        0.6386 12253124   86.71%
 125490 101472        0.4287    83        0.3420        0.6382 12364703   86.59%
 126570 102365        0.4792    82        0.3420        0.6380 12464873   86.55%
                                                    Covers: 2                  
 127461 103068        0.4763   106        0.3420        0.6379 12558813   86.51%
 128717 104046        0.3780   106        0.3420        0.6376 12676059   86.43%
                                                    Covers: 3                  
 129595 104743        0.6118    91        0.3420        0.6374 12770627   86.38%
                                                    Covers: 2                  
 130831 105744        0.4609    75        0.3420        0.6371 12890476   86.28%
 131795 106529        0.4670    90        0.3420        0.6369 12987185   86.23%
Elapsed real time = 2005.77 sec. (tree size = 2598.19 MB)
Nodefile size = 2462.93 MB (2059.53 MB after compression)
 132963 107455        0.4491   109        0.3420        0.6367 13105136   86.16%
                                                    Covers: 1                  
 133965 108235        0.3426    65        0.3420        0.6365 13201637   86.10%
 135070 109115        0.5391   149        0.3420        0.6363 13309723   86.06%
 136111 109963        0.4650   109        0.3420        0.6360 13417168   85.96%
                                                    Covers: 1                  
 137126 110784        0.3634    63        0.3420        0.6358 13519438   85.92%
 138120 111576        0.4760   131        0.3420        0.6356 13630908   85.85%
 139247 112488        0.5580    83        0.3420        0.6355 13737145   85.80%
 140274 113319        0.4038    74        0.3420        0.6351 13844105   85.70%
 141330 114150        0.6093   102        0.3420        0.6350 13945031   85.67%
 142442 115029        0.4031    99        0.3420        0.6348 14053507   85.62%
Elapsed real time = 2147.27 sec. (tree size = 2819.50 MB)
Nodefile size = 2682.72 MB (2242.38 MB after compression)
 143469 115846        0.4308    43        0.3420        0.6345 14155200   85.52%
 144486 116635        0.6289   106        0.3420        0.6344 14257825   85.48%
 145611 117549        0.4810    89        0.3420        0.6341 14366653   85.40%

There may be further error information in the clone logs.

Cover cuts applied:  213
Implied bound cuts applied:  4
Mixed integer rounding cuts applied:  1
Gomory fractional cuts applied:  5

Root node processing (before b&c):
  Real time             =    2.42
Parallel b&c, 4 threads:
  Real time             = 2219.36
  Sync time (average)   =    5.78
  Wait time (average)   =    0.25
                          -------
Total (root+branch&cut) = 2221.78 sec.

Times (seconds):
Input =  0.012998
Solve =  4151.85
Output = 0.166974
CPLEX 12.4.0.0: ran out of memory.
0 MIP simplex iterations
0 branch-and-bound nodes
No basis.
_total_solve_user_time = 4144.85

L [*] :=
 1  1
 2  0
 3  0
 4  0
 5  0
 6  0
 7  0
 8  0
 9  0
10  0
11  0
12  0
13  0
14  0
;

y [*,*]
:    1   2   3   4   5   6   7   8   9  10  11  12  13  14    :=
1    1   0   0   0   0   0   0   0   0   0   0   0   0   0
2    0   0   0   0   0   0   0   0   0   0   0   0   0   0
3    0   0   0   0   0   0   0   0   0   0   0   0   0   0
4    0   0   0   0   0   0   0   0   0   0   0   0   0   0
5    0   0   0   0   0   0   0   0   0   0   0   0   0   0
6    0   0   0   0   0   0   0   0   0   0   0   0   0   0
7    0   0   0   0   0   0   0   0   0   0   0   0   0   0
8    0   0   0   0   0   0   0   0   0   0   0   0   0   0
9    0   0   0   0   0   0   0   0   0   0   0   0   0   0
10   0   0   0   0   0   0   0   0   0   0   0   0   0   0
11   0   0   0   0   0   0   0   0   0   0   0   0   0   0
12   0   0   0   0   0   0   0   0   0   0   0   0   0   0
13   0   0   0   0   0   0   0   0   0   0   0   0   0   0
14   0   0   0   0   0   0   0   0   0   0   0   0   0   0
15   0   0   0   0   0   0   0   0   0   0   0   0   0   0
16   0   0   0   0   0   0   0   0   0   0   0   0   0   0
17   0   0   0   0   0   0   0   0   0   0   0   0   0   0
18   0   0   0   0   0   0   0   0   0   0   0   0   0   0
19   0   0   0   0   0   0   0   0   0   0   0   0   0   0
20   0   0   0   0   0   0   0   0   0   0   0   0   0   0
21   0   0   0   0   0   0   0   0   0   0   0   0   0   0
22   0   0   0   0   0   0   0   0   0   0   0   0   0   0
23   0   0   0   0   0   0   0   0   0   0   0   0   0   0
24   0   0   0   0   0   0   0   0   0   0   0   0   0   0
25   0   0   0   0   0   0   0   0   0   0   0   0   0   0
26   0   0   0   0   0   0   0   0   0   0   0   0   0   0
27   0   0   0   0   0   0   0   0   0   0   0   0   0   0
28   0   0   0   0   0   0   0   0   0   0   0   0   0   0
29   0   0   0   0   0   0   0   0   0   0   0   0   0   0
30   0   0   0   0   0   0   0   0   0   0   0   0   0   0
31   0   0   0   0   0   0   0   0   0   0   0   0   0   0
32   0   0   0   0   0   0   0   0   0   0   0   0   0   0
;

x [*,19,*]
:   1   2   3   4   5   6   7   8   9  10  11  12  13  14    :=
1   0   0   0   0   0   0   0   0   0   0   0   0   0   0
2   0   0   0   0   0   0   0   0   0   0   0   0   0   0
4   0   0   0   0   0   0   0   0   0   0   0   0   0   0

 [*,20,*]
:   1   2   3   4   5   6   7   8   9  10  11  12  13  14    :=
1   0   0   0   0   0   0   0   0   0   0   0   0   0   0
2   0   0   0   0   0   0   0   0   0   0   0   0   0   0
3   0   0   0   0   0   0   0   0   0   0   0   0   0   0

 [*,21,*]
:   1   2   3   4   5   6   7   8   9  10  11  12  13  14    :=
1   0   0   0   0   0   0   0   0   0   0   0   0   0   0
2   0   0   0   0   0   0   0   0   0   0   0   0   0   0
3   0   0   0   0   0   0   0   0   0   0   0   0   0   0
4   0   0   0   0   0   0   0   0   0   0   0   0   0   0
5   0   0   0   0   0   0   0   0   0   0   0   0   0   0
6   0   0   0   0   0   0   0   0   0   0   0   0   0   0

 [*,22,*]
:   1   2   3   4   5   6   7   8   9  10  11  12  13  14    :=
1   0   0   0   0   0   0   0   0   0   0   0   0   0   0
3   0   0   0   0   0   0   0   0   0   0   0   0   0   0
4   0   0   0   0   0   0   0   0   0   0   0   0   0   0
5   0   0   0   0   0   0   0   0   0   0   0   0   0   0

 [*,23,*]
:   1   2   3   4   5   6   7   8   9  10  11  12  13  14    :=
1   0   0   0   0   0   0   0   0   0   0   0   0   0   0
2   0   0   0   0   0   0   0   0   0   0   0   0   0   0
3   0   0   0   0   0   0   0   0   0   0   0   0   0   0
4   0   0   0   0   0   0   0   0   0   0   0   0   0   0
5   0   0   0   0   0   0   0   0   0   0   0   0   0   0
6   0   0   0   0   0   0   0   0   0   0   0   0   0   0
7   0   0   0   0   0   0   0   0   0   0   0   0   0   0
9   0   0   0   0   0   0   0   0   0   0   0   0   0   0

 [*,24,*]
:    1   2   3   4   5   6   7   8   9  10  11  12  13  14    :=
1    0   0   0   0   0   0   0   0   0   0   0   0   0   0
2    0   0   0   0   0   0   0   0   0   0   0   0   0   0
3    0   0   0   0   0   0   0   0   0   0   0   0   0   0
4    0   0   0   0   0   0   0   0   0   0   0   0   0   0
6    0   0   0   0   0   0   0   0   0   0   0   0   0   0
7    0   0   0   0   0   0   0   0   0   0   0   0   0   0
8    0   0   0   0   0   0   0   0   0   0   0   0   0   0
14   0   0   0   0   0   0   0   0   0   0   0   0   0   0

 [*,25,*]
:    1   2   3   4   5   6   7   8   9  10  11  12  13  14    :=
2    0   0   0   0   0   0   0   0   0   0   0   0   0   0
3    0   0   0   0   0   0   0   0   0   0   0   0   0   0
4    0   0   0   0   0   0   0   0   0   0   0   0   0   0
5    0   0   0   0   0   0   0   0   0   0   0   0   0   0
7    0   0   0   0   0   0   0   0   0   0   0   0   0   0
9    0   0   0   0   0   0   0   0   0   0   0   0   0   0
10   0   0   0   0   0   0   0   0   0   0   0   0   0   0
13   0   0   0   0   0   0   0   0   0   0   0   0   0   0
14   0   0   0   0   0   0   0   0   0   0   0   0   0   0
15   0   0   0   0   0   0   0   0   0   0   0   0   0   0

 [*,26,*]
:    1   2   3   4   5   6   7   8   9  10  11  12  13  14    :=
1    0   0   0   0   0   0   0   0   0   0   0   0   0   0
2    0   0   0   0   0   0   0   0   0   0   0   0   0   0
3    0   0   0   0   0   0   0   0   0   0   0   0   0   0
4    0   0   0   0   0   0   0   0   0   0   0   0   0   0
6    0   0   0   0   0   0   0   0   0   0   0   0   0   0
7    0   0   0   0   0   0   0   0   0   0   0   0   0   0
8    0   0   0   0   0   0   0   0   0   0   0   0   0   0
9    0   0   0   0   0   0   0   0   0   0   0   0   0   0
10   0   0   0   0   0   0   0   0   0   0   0   0   0   0
11   0   0   0   0   0   0   0   0   0   0   0   0   0   0
12   0   0   0   0   0   0   0   0   0   0   0   0   0   0
13   0   0   0   0   0   0   0   0   0   0   0   0   0   0
15   0   0   0   0   0   0   0   0   0   0   0   0   0   0
16   0   0   0   0   0   0   0   0   0   0   0   0   0   0

 [*,27,*]
:    1   2   3   4   5   6   7   8   9  10  11  12  13  14    :=
1    0   0   0   0   0   0   0   0   0   0   0   0   0   0
3    0   0   0   0   0   0   0   0   0   0   0   0   0   0
8    0   0   0   0   0   0   0   0   0   0   0   0   0   0
9    0   0   0   0   0   0   0   0   0   0   0   0   0   0
10   0   0   0   0   0   0   0   0   0   0   0   0   0   0
11   0   0   0   0   0   0   0   0   0   0   0   0   0   0
12   0   0   0   0   0   0   0   0   0   0   0   0   0   0
13   0   0   0   0   0   0   0   0   0   0   0   0   0   0
14   0   0   0   0   0   0   0   0   0   0   0   0   0   0
16   0   0   0   0   0   0   0   0   0   0   0   0   0   0
17   0   0   0   0   0   0   0   0   0   0   0   0   0   0
18   0   0   0   0   0   0   0   0   0   0   0   0   0   0

 [*,28,*]
:    1   2   3   4   5   6   7   8   9  10  11  12  13  14    :=
11   0   0   0   0   0   0   0   0   0   0   0   0   0   0
12   0   0   0   0   0   0   0   0   0   0   0   0   0   0
13   0   0   0   0   0   0   0   0   0   0   0   0   0   0
14   0   0   0   0   0   0   0   0   0   0   0   0   0   0
15   0   0   0   0   0   0   0   0   0   0   0   0   0   0

 [*,29,*]
:    1   2   3   4   5   6   7   8   9  10  11  12  13  14    :=
14   0   0   0   0   0   0   0   0   0   0   0   0   0   0
15   0   0   0   0   0   0   0   0   0   0   0   0   0   0
17   0   0   0   0   0   0   0   0   0   0   0   0   0   0
18   0   0   0   0   0   0   0   0   0   0   0   0   0   0

 [*,30,*]
:    1   2   3   4   5   6   7   8   9  10  11  12  13  14    :=
10   0   0   0   0   0   0   0   0   0   0   0   0   0   0
11   0   0   0   0   0   0   0   0   0   0   0   0   0   0
12   0   0   0   0   0   0   0   0   0   0   0   0   0   0
13   0   0   0   0   0   0   0   0   0   0   0   0   0   0
14   0   0   0   0   0   0   0   0   0   0   0   0   0   0
15   0   0   0   0   0   0   0   0   0   0   0   0   0   0

 [*,31,*]
:    1   2   3   4   5   6   7   8   9  10  11  12  13  14    :=
12   0   0   0   0   0   0   0   0   0   0   0   0   0   0
13   0   0   0   0   0   0   0   0   0   0   0   0   0   0
14   0   0   0   0   0   0   0   0   0   0   0   0   0   0

 [*,32,*]
:    1   2   3   4   5   6   7   8   9  10  11  12  13  14    :=
12   0   0   0   0   0   0   0   0   0   0   0   0   0   0
13   0   0   0   0   0   0   0   0   0   0   0   0   0   0
14   0   0   0   0   0   0   0   0   0   0   0   0   0   0
;

