CPLEX 12.4.0.0: timing=1
varsel=4
mipdisplay=4
MIP Presolve eliminated 1962 rows and 1866 columns.
MIP Presolve modified 7621 coefficients.
Reduced MIP has 4060 rows, 3354 columns, and 37273 nonzeros.
Reduced MIP has 368 binaries, 0 generals, 0 SOSs, and 0 indicators.
Probing fixed 1 vars, tightened 561 bounds.
Probing time =    0.20 sec.
MIP Presolve eliminated 2 rows and 2 columns.
MIP Presolve modified 12 coefficients.
Reduced MIP has 4058 rows, 3352 columns, and 37183 nonzeros.
Reduced MIP has 367 binaries, 0 generals, 0 SOSs, and 0 indicators.
Probing time =    0.02 sec.
Clique table members: 1864.
MIP emphasis: balance optimality and feasibility.
MIP search method: dynamic search.
Parallel mode: deterministic, using up to 4 threads.
Root relaxation solution time =    0.17 sec.

        Nodes                                         Cuts/
   Node  Left     Objective  IInf  Best Integer    Best Bound    ItCnt     Gap

      0     0        0.9094    61                      0.9094     1415         
*     0+    0                            0.0172        0.9094     1415     --- 
      0     0        0.9003    61        0.0172     Fract: 30     1433     --- 
      0     0        0.8910    61        0.0172     Fract: 23     1449     --- 
*     0+    0                            0.0972        0.8910     1449  816.62%
      0     2        0.8910    61        0.0972        0.8910     1449  816.62%
Elapsed real time =   1.40 sec. (tree size =  0.01 MB)
*     4+    4                            0.3079        0.8673     3142  181.68%
      4     6        0.7869    58        0.3079        0.8673     3142  181.68%
     11    13        0.7527    59        0.3079        0.8460     7195  174.77%
     18    20        0.6880    58        0.3079        0.8460    12272  174.77%
     29    31        0.6099    55        0.3079        0.8460    17320  174.77%
     33    35        0.5713    53        0.3079        0.8460    18624  174.77%
     76    72        0.4952    69        0.3079        0.8460    23597  174.77%
    122   102        0.6874    58        0.3079        0.8460    28913  174.77%
    154   128        0.4673    70        0.3079        0.7858    34537  155.22%
    192   152        0.4085    51        0.3079        0.7858    39090  155.22%
*   323+  271                            0.3184        0.7819    49303  145.58%
*   323+  271                            0.3216        0.7819    49303  143.17%
    384   324        0.7534   128        0.3216        0.7819    53296  143.17%
Elapsed real time =   8.19 sec. (tree size =  7.56 MB)
    581   497        0.4444    44        0.3216        0.7594    69245  136.17%
    844   738        0.5331   166        0.3216        0.7534    86984  134.29%
   1133   997        0.5491    98        0.3216        0.7114   104957  121.23%
   1216  1069        0.7464    59        0.3216        0.6973   112379  116.87%
   1232  1078        0.6609    57        0.3216        0.6973   124628  116.87%
   1280  1037        0.6860   112        0.3216        0.6973   141342  116.87%
   1401   935        0.5838    89        0.3216        0.6973   156111  116.87%
   1647  1041        0.5108   151        0.3216        0.6973   175111  116.87%
   1852  1129        0.5942   165        0.3216        0.6973   191668  116.87%
   2136  1278        0.5196   126        0.3216        0.6973   207806  116.87%
Elapsed real time =  27.77 sec. (tree size = 42.08 MB)
   2270  1332        0.6105   172        0.3216        0.6973   221522  116.87%
   2500  1420        0.6274   125        0.3216        0.6874   244313  113.76%
   2805  1551        0.5398    90        0.3216        0.6761   265211  110.26%
                                                    Covers: 1                  
   3020  1640        0.6340   174        0.3216        0.6756   281582  110.10%
   3267  1856        0.4220    78        0.3216        0.6729   299099  109.28%
   3616  2169        0.4402    68        0.3216        0.6693   321660  108.15%
   3851  2381        0.5059   157        0.3216        0.6641   337041  106.53%
   4172  2665        0.4034    61        0.3216        0.6593   356684  105.04%
   4440  2901        0.4645    51        0.3216        0.6567   376305  104.23%
   4744  3170        0.3819    47        0.3216        0.6499   397905  102.12%
Elapsed real time =  47.24 sec. (tree size = 102.20 MB)
   5049  3441        0.4346    79        0.3216        0.6461   419228  100.92%
   5301  3669        0.3997   133        0.3216        0.6461   437685  100.92%
   5544  3885        0.4121   120        0.3216        0.6441   455625  100.32%
   5799  4105        0.5486   180        0.3216        0.6373   479632   98.19%
   6047  4329        0.5933   183        0.3216        0.6356   497198   97.67%
   6263  4516        0.6006   175        0.3216        0.6356   514050   97.67%
   6602  4821        0.3446    51        0.3216        0.6302   536427   95.99%
   6806  5001        0.4415   107        0.3216        0.6302   550548   95.99%
   7174  5329        0.5333    92        0.3216        0.6278   572628   95.24%
   7533  5646        0.4839    73        0.3216        0.6242   596631   94.11%
Elapsed real time =  67.27 sec. (tree size = 166.96 MB)
Nodefile size = 34.43 MB (26.59 MB after compression)
   7813  5886        0.5917   134        0.3216        0.6242   616755   94.11%
   8022  6071        0.3776    71        0.3216        0.6211   637877   93.17%
   8235  6258        0.5643   195        0.3216        0.6211   655195   93.17%
   8593  6576        0.3825    69        0.3216        0.6190   679934   92.52%
   8957  6893        0.4169   134        0.3216        0.6190   701289   92.52%
   9178  7084        0.3254    53        0.3216        0.6156   720192   91.44%
   9400  7275        0.5591   116        0.3216        0.6156   737842   91.44%
   9656  7505        0.4306   127        0.3216        0.6156   757825   91.44%
   9982  7784        0.4637    50        0.3216        0.6134   781702   90.75%
  10268  8008        0.4589    88        0.3216        0.6134   801471   90.75%
Elapsed real time =  87.92 sec. (tree size = 215.84 MB)
Nodefile size = 77.61 MB (60.22 MB after compression)
  10546  8260        0.4095    44        0.3216        0.6087   823243   89.29%
  10798  8482        0.4671    67        0.3216        0.6087   840713   89.29%
  11133  8769        0.3662    72        0.3216        0.6087   863814   89.29%
  11358  8971        0.3257    40        0.3216        0.6070   879720   88.77%
  11638  9213        0.3479    74        0.3216        0.6070   898748   88.77%
  11967  9506        0.3234    67        0.3216        0.6070   922325   88.77%
  12268  9769        0.4642    72        0.3216        0.6053   940739   88.25%
  12472  9945        0.5382   139        0.3216        0.6053   958144   88.25%
  12853 10276        0.3560    74        0.3216        0.6031   984712   87.54%
  13099 10480        0.3871    45        0.3216        0.6031  1002317   87.54%
Elapsed real time = 109.99 sec. (tree size = 317.51 MB)
Nodefile size = 181.30 MB (141.34 MB after compression)
  13395 10743        0.4007   146        0.3216        0.6031  1021645   87.54%
  13757 11049        cutoff              0.3216        0.6008  1044008   86.86%
  14068 11326        0.3823    96        0.3216        0.6008  1062861   86.86%
  14249 11478        cutoff              0.3216        0.6008  1083021   86.86%
  14464 11664        0.4757    45        0.3216        0.5995  1101585   86.44%
  14660 11837        0.5847    80        0.3216        0.5995  1115066   86.44%
  15201 12297        0.5303    90        0.3216        0.5995  1150588   86.44%
  15298 12381        0.5560   107        0.3216        0.5972  1160822   85.74%
  15650 12692        0.4512   160        0.3216        0.5972  1186108   85.74%
  15983 12972        0.5148    61        0.3216        0.5955  1208529   85.18%
Elapsed real time = 131.57 sec. (tree size = 412.91 MB)
Nodefile size = 278.53 MB (217.19 MB after compression)
  16217 13172        0.4319   139        0.3216        0.5955  1228058   85.18%
  16594 13505        0.3405   109        0.3216        0.5955  1251655   85.18%
  16767 13647        0.3818    74        0.3216        0.5940  1269295   84.72%
  16992 13846        0.3607   105        0.3216        0.5940  1285323   84.72%
  17184 14020        0.5263   133        0.3216        0.5940  1300997   84.72%
  17597 14374        0.5187    89        0.3216        0.5931  1331010   84.46%
                                                    Covers: 1                  
  17895 14636        0.3387    69        0.3216        0.5931  1349663   84.46%
  18213 14891        0.4371    46        0.3216        0.5913  1374783   83.89%
  18457 15112        0.4273    86        0.3216        0.5913  1390893   83.89%
  18638 15271        0.4283   138        0.3216        0.5913  1409318   83.89%
Elapsed real time = 152.72 sec. (tree size = 483.37 MB)
Nodefile size = 347.90 MB (271.29 MB after compression)
  18957 15528        0.5302   166        0.3216        0.5905  1437057   83.64%
  19290 15828        0.3641   114        0.3216        0.5905  1455534   83.64%
* 19459+15975                            0.3237        0.5905  1469777   82.42%
* 19463 15960      integral     0        0.3455        0.5905  1470067   70.89%
  19700 15780        0.4720    49        0.3455        0.5886  1487031   70.35%
  19935 15982        0.4545    80        0.3455        0.5886  1507540   70.35%
  20174 16171        0.5667   124        0.3455        0.5886  1525740   70.35%
  20412 16375        0.4947    69        0.3455        0.5876  1546911   70.05%
  20577 16499        0.5062    68        0.3455        0.5876  1562789   70.05%
  20853 16733        0.5450   151        0.3455        0.5876  1583357   70.05%
  21229 17051        0.4263   124        0.3455        0.5861  1609759   69.63%
Elapsed real time = 172.91 sec. (tree size = 550.75 MB)
Nodefile size = 414.69 MB (323.45 MB after compression)
  21417 17211        0.5479   137        0.3455        0.5861  1626626   69.63%
  21714 17448        0.4750   117        0.3455        0.5844  1651653   69.13%
  21922 17626        0.5578   156        0.3455        0.5844  1666695   69.13%
  22110 17794        0.4619    80        0.3455        0.5844  1685616   69.13%
  22562 18172        0.4929   125        0.3455        0.5832  1712023   68.78%
  22766 18343        0.5777   112        0.3455        0.5832  1726020   68.78%
  22965 18506        0.3525    73        0.3455        0.5832  1745497   68.78%
  23290 18774        0.4565    57        0.3455        0.5823  1771667   68.52%
  23462 18920        0.5129   112        0.3455        0.5823  1783203   68.52%
  24670 19941        0.3656    85        0.3455        0.5796  1874541   67.73%
Elapsed real time = 200.16 sec. (tree size = 647.09 MB)
Nodefile size = 512.99 MB (400.03 MB after compression)
  25295 20463        0.4826   124        0.3455        0.5787  1921066   67.47%
  26346 21350        0.4022    95        0.3455        0.5770  2000851   66.99%
  27227 22059        0.4921   128        0.3455        0.5759  2073913   66.66%
  28472 23085        0.4280   103        0.3455        0.5741  2165977   66.13%
  29569 24002        0.3654    58        0.3455        0.5730  2247241   65.82%
  30535 24785        0.5371   106        0.3455        0.5714  2327796   65.37%
  31453 25521        0.3841    53        0.3455        0.5706  2407233   65.13%
  32431 26300        0.3565    62        0.3455        0.5692  2492303   64.73%
  33311 27015        0.4320    76        0.3455        0.5683  2568061   64.48%
  34400 27891        0.4340    98        0.3455        0.5671  2661492   64.11%
Elapsed real time = 285.85 sec. (tree size = 925.86 MB)
Nodefile size = 790.98 MB (616.87 MB after compression)
  35271 28596        0.5330    75        0.3455        0.5666  2737959   63.97%
  36333 29452        cutoff              0.3455        0.5658  2825104   63.75%
  37327 30268        cutoff              0.3455        0.5643  2906420   63.30%
  38288 31036        0.4221   105        0.3455        0.5639  2984809   63.20%
  39350 31882        0.4711    64        0.3455        0.5627  3072741   62.85%
  40264 32611        0.5218   151        0.3455        0.5619  3147715   62.62%
  41402 33524        cutoff              0.3455        0.5614  3236579   62.47%
  42407 34340        0.4987    67        0.3455        0.5601  3316067   62.11%
  43421 35155        0.4145   118        0.3455        0.5597  3400983   61.98%
  44384 35939        0.5334   124        0.3455        0.5588  3485672   61.71%
Elapsed real time = 367.81 sec. (tree size = 1199.69 MB)
Nodefile size = 1064.54 MB (829.12 MB after compression)
  45406 36762        0.3703    63        0.3455        0.5581  3569340   61.50%
  46323 37515        0.3840    69        0.3455        0.5575  3642616   61.34%
  47483 38460        0.3506    62        0.3455        0.5562  3732970   60.98%
  48506 39273        0.4552    70        0.3455        0.5558  3817425   60.85%
  49637 40198        0.4457    82        0.3455        0.5547  3903414   60.52%
  50649 40990        0.4517   100        0.3455        0.5540  3980214   60.34%
  51600 41766        cutoff              0.3455        0.5536  4061440   60.21%
  52717 42662        0.4891   162        0.3455        0.5529  4152375   60.01%
  53752 43483        0.4802    86        0.3455        0.5524  4226225   59.86%
  54803 44308        0.3839   102        0.3455        0.5515  4319740   59.61%
Elapsed real time = 450.60 sec. (tree size = 1490.58 MB)
Nodefile size = 1355.57 MB (1053.39 MB after compression)
  55858 45150        0.3790    68        0.3455        0.5509  4403955   59.44%
  56753 45839        0.4994   143        0.3455        0.5505  4480802   59.32%
  57895 46742        0.5228    69        0.3455        0.5496  4566941   59.04%
  58937 47572        0.4419    60        0.3455        0.5492  4652385   58.93%
  60005 48446        0.3512    47        0.3455        0.5488  4733819   58.82%
  60952 49187        0.4412    46        0.3455        0.5480  4812676   58.60%
  61956 49979        0.3897    89        0.3455        0.5478  4898755   58.53%
  62882 50723        0.4856   128        0.3455        0.5471  4983921   58.33%
  63961 51584        cutoff              0.3455        0.5467  5066638   58.22%
  64922 52353        cutoff              0.3455        0.5462  5148115   58.07%
Elapsed real time = 532.86 sec. (tree size = 1773.73 MB)
Nodefile size = 1632.95 MB (1267.70 MB after compression)
  65926 53139        0.3529    62        0.3455        0.5455  5232354   57.87%
  67083 54069        0.3782    60        0.3455        0.5451  5315596   57.76%
  68232 54984        0.4710   117        0.3455        0.5445  5401321   57.57%
  69286 55813        0.3477    78        0.3455        0.5441  5483543   57.45%
  70425 56710        0.3484    35        0.3455        0.5438  5567931   57.37%
  71506 57578        0.4123    47        0.3455        0.5430  5651935   57.14%
  72534 58390        0.4367   129        0.3455        0.5426  5731718   57.02%
  73634 59253        0.4039   119        0.3455        0.5419  5820242   56.83%
  74806 60195        0.3530    72        0.3455        0.5416  5901845   56.74%
  75742 60928        0.3640    72        0.3455        0.5414  5978352   56.67%
Elapsed real time = 616.27 sec. (tree size = 2064.56 MB)
Nodefile size = 1928.75 MB (1495.24 MB after compression)
  76937 61880        0.4317    75        0.3455        0.5407  6070950   56.47%
  77897 62635        0.3817    53        0.3455        0.5404  6148658   56.39%
  78959 63446        0.5034    66        0.3455        0.5398  6239538   56.23%
  79953 64227        0.3793    53        0.3455        0.5396  6321352   56.15%
  81075 65114        0.4640    85        0.3455        0.5393  6404872   56.07%
  82020 65875        0.3908    73        0.3455        0.5388  6486450   55.95%
  83303 66867        0.4831    50        0.3455        0.5386  6572051   55.86%
  84406 67712        0.4400   141        0.3455        0.5383  6652968   55.78%
  85354 68455        0.3865    46        0.3455        0.5377  6733600   55.61%
  86455 69327        0.4491   101        0.3455        0.5375  6820401   55.55%
Elapsed real time = 700.07 sec. (tree size = 2391.98 MB)
Nodefile size = 2251.09 MB (1742.68 MB after compression)
  87404 70058        0.5005    95        0.3455        0.5371  6905624   55.45%
  88409 70814        0.5090    80        0.3455        0.5369  6986748   55.38%
  89382 71578        0.4086    86        0.3455        0.5367  7067106   55.31%
  90506 72440        0.5115    93        0.3455        0.5361  7153204   55.16%
  91461 73168        0.3525    78        0.3455        0.5360  7235121   55.13%
  92503 73973        0.4647    47        0.3455        0.5355  7326355   54.98%
  93498 74742        0.4913   108        0.3455        0.5352  7407399   54.90%
  94495 75523        0.4161    95        0.3455        0.5350  7491596   54.84%
  95616 76407        0.3782    55        0.3455        0.5345  7579380   54.70%
  96559 77125        0.4181    85        0.3455        0.5343  7659450   54.63%
Elapsed real time = 782.71 sec. (tree size = 2682.89 MB)
Nodefile size = 2543.70 MB (1967.88 MB after compression)
  97650 77981        0.4740   141        0.3455        0.5339  7745263   54.51%
                                                    Covers: 1                  
  98549 78674        0.4400    78        0.3455        0.5336  7826693   54.44%
  99399 79313        0.3728   141        0.3455        0.5334  7906263   54.38%
 100429 80090        0.4796   110        0.3455        0.5330  7996092   54.25%
 101498 80940        0.4266    98        0.3455        0.5328  8072660   54.19%
 102623 81805        0.3772    70        0.3455        0.5324  8165269   54.07%
                                                    Covers: 3                  
 103584 82550        0.3973    44        0.3455        0.5322  8245386   54.02%
 104582 83301        0.5155   112        0.3455        0.5319  8332197   53.94%

There may be further error information in the clone logs.

Cover cuts applied:  6
Gomory fractional cuts applied:  125

Root node processing (before b&c):
  Real time             =    1.04
Parallel b&c, 4 threads:
  Real time             =  854.06
  Sync time (average)   =    0.02
  Wait time (average)   =    0.00
                          -------
Total (root+branch&cut) =  855.10 sec.

Times (seconds):
Input =  0.017997
Solve =  3086.75
Output = 0.118981
CPLEX 12.4.0.0: ran out of memory.
0 MIP simplex iterations
0 branch-and-bound nodes
No basis.
_total_solve_user_time = 3082.43

L [*] :=
 1  1
 2  0
 3  0
 4  0
 5  0
 6  0
 7  0
 8  0
 9  0
10  0
11  0
12  0
13  0
14  0
;

y [*,*]
:    1   2   3   4   5   6   7   8   9  10  11  12  13  14    :=
1    1   0   0   0   0   0   0   0   0   0   0   0   0   0
2    0   0   0   0   0   0   0   0   0   0   0   0   0   0
3    0   0   0   0   0   0   0   0   0   0   0   0   0   0
4    0   0   0   0   0   0   0   0   0   0   0   0   0   0
5    0   0   0   0   0   0   0   0   0   0   0   0   0   0
6    0   0   0   0   0   0   0   0   0   0   0   0   0   0
7    0   0   0   0   0   0   0   0   0   0   0   0   0   0
8    0   0   0   0   0   0   0   0   0   0   0   0   0   0
9    0   0   0   0   0   0   0   0   0   0   0   0   0   0
10   0   0   0   0   0   0   0   0   0   0   0   0   0   0
11   0   0   0   0   0   0   0   0   0   0   0   0   0   0
12   0   0   0   0   0   0   0   0   0   0   0   0   0   0
13   0   0   0   0   0   0   0   0   0   0   0   0   0   0
14   0   0   0   0   0   0   0   0   0   0   0   0   0   0
15   0   0   0   0   0   0   0   0   0   0   0   0   0   0
16   0   0   0   0   0   0   0   0   0   0   0   0   0   0
17   0   0   0   0   0   0   0   0   0   0   0   0   0   0
18   0   0   0   0   0   0   0   0   0   0   0   0   0   0
19   0   0   0   0   0   0   0   0   0   0   0   0   0   0
20   0   0   0   0   0   0   0   0   0   0   0   0   0   0
21   0   0   0   0   0   0   0   0   0   0   0   0   0   0
22   0   0   0   0   0   0   0   0   0   0   0   0   0   0
23   0   0   0   0   0   0   0   0   0   0   0   0   0   0
24   0   0   0   0   0   0   0   0   0   0   0   0   0   0
25   0   0   0   0   0   0   0   0   0   0   0   0   0   0
26   0   0   0   0   0   0   0   0   0   0   0   0   0   0
27   0   0   0   0   0   0   0   0   0   0   0   0   0   0
28   0   0   0   0   0   0   0   0   0   0   0   0   0   0
29   0   0   0   0   0   0   0   0   0   0   0   0   0   0
30   0   0   0   0   0   0   0   0   0   0   0   0   0   0
31   0   0   0   0   0   0   0   0   0   0   0   0   0   0
32   0   0   0   0   0   0   0   0   0   0   0   0   0   0
;

x [*,19,*]
:   1   2   3   4   5   6   7   8   9  10  11  12  13  14    :=
1   0   0   0   0   0   0   0   0   0   0   0   0   0   0
2   0   0   0   0   0   0   0   0   0   0   0   0   0   0
4   0   0   0   0   0   0   0   0   0   0   0   0   0   0

 [*,20,*]
:   1   2   3   4   5   6   7   8   9  10  11  12  13  14    :=
1   0   0   0   0   0   0   0   0   0   0   0   0   0   0
2   0   0   0   0   0   0   0   0   0   0   0   0   0   0
3   0   0   0   0   0   0   0   0   0   0   0   0   0   0

 [*,21,*]
:   1   2   3   4   5   6   7   8   9  10  11  12  13  14    :=
1   0   0   0   0   0   0   0   0   0   0   0   0   0   0
2   0   0   0   0   0   0   0   0   0   0   0   0   0   0
3   0   0   0   0   0   0   0   0   0   0   0   0   0   0
4   0   0   0   0   0   0   0   0   0   0   0   0   0   0
5   0   0   0   0   0   0   0   0   0   0   0   0   0   0
6   0   0   0   0   0   0   0   0   0   0   0   0   0   0

 [*,22,*]
:   1   2   3   4   5   6   7   8   9  10  11  12  13  14    :=
1   0   0   0   0   0   0   0   0   0   0   0   0   0   0
3   0   0   0   0   0   0   0   0   0   0   0   0   0   0
4   0   0   0   0   0   0   0   0   0   0   0   0   0   0
5   0   0   0   0   0   0   0   0   0   0   0   0   0   0

 [*,23,*]
:   1   2   3   4   5   6   7   8   9  10  11  12  13  14    :=
1   0   0   0   0   0   0   0   0   0   0   0   0   0   0
2   0   0   0   0   0   0   0   0   0   0   0   0   0   0
3   0   0   0   0   0   0   0   0   0   0   0   0   0   0
4   0   0   0   0   0   0   0   0   0   0   0   0   0   0
5   0   0   0   0   0   0   0   0   0   0   0   0   0   0
6   0   0   0   0   0   0   0   0   0   0   0   0   0   0
7   0   0   0   0   0   0   0   0   0   0   0   0   0   0
9   0   0   0   0   0   0   0   0   0   0   0   0   0   0

 [*,24,*]
:    1   2   3   4   5   6   7   8   9  10  11  12  13  14    :=
1    0   0   0   0   0   0   0   0   0   0   0   0   0   0
2    0   0   0   0   0   0   0   0   0   0   0   0   0   0
3    0   0   0   0   0   0   0   0   0   0   0   0   0   0
4    0   0   0   0   0   0   0   0   0   0   0   0   0   0
6    0   0   0   0   0   0   0   0   0   0   0   0   0   0
7    0   0   0   0   0   0   0   0   0   0   0   0   0   0
8    0   0   0   0   0   0   0   0   0   0   0   0   0   0
14   0   0   0   0   0   0   0   0   0   0   0   0   0   0

 [*,25,*]
:    1   2   3   4   5   6   7   8   9  10  11  12  13  14    :=
2    0   0   0   0   0   0   0   0   0   0   0   0   0   0
3    0   0   0   0   0   0   0   0   0   0   0   0   0   0
4    0   0   0   0   0   0   0   0   0   0   0   0   0   0
5    0   0   0   0   0   0   0   0   0   0   0   0   0   0
7    0   0   0   0   0   0   0   0   0   0   0   0   0   0
9    0   0   0   0   0   0   0   0   0   0   0   0   0   0
10   0   0   0   0   0   0   0   0   0   0   0   0   0   0
13   0   0   0   0   0   0   0   0   0   0   0   0   0   0
14   0   0   0   0   0   0   0   0   0   0   0   0   0   0
15   0   0   0   0   0   0   0   0   0   0   0   0   0   0

 [*,26,*]
:    1   2   3   4   5   6   7   8   9  10  11  12  13  14    :=
1    0   0   0   0   0   0   0   0   0   0   0   0   0   0
2    0   0   0   0   0   0   0   0   0   0   0   0   0   0
3    0   0   0   0   0   0   0   0   0   0   0   0   0   0
4    0   0   0   0   0   0   0   0   0   0   0   0   0   0
6    0   0   0   0   0   0   0   0   0   0   0   0   0   0
7    0   0   0   0   0   0   0   0   0   0   0   0   0   0
8    0   0   0   0   0   0   0   0   0   0   0   0   0   0
9    0   0   0   0   0   0   0   0   0   0   0   0   0   0
10   0   0   0   0   0   0   0   0   0   0   0   0   0   0
11   0   0   0   0   0   0   0   0   0   0   0   0   0   0
12   0   0   0   0   0   0   0   0   0   0   0   0   0   0
13   0   0   0   0   0   0   0   0   0   0   0   0   0   0
15   0   0   0   0   0   0   0   0   0   0   0   0   0   0
16   0   0   0   0   0   0   0   0   0   0   0   0   0   0

 [*,27,*]
:    1   2   3   4   5   6   7   8   9  10  11  12  13  14    :=
1    0   0   0   0   0   0   0   0   0   0   0   0   0   0
3    0   0   0   0   0   0   0   0   0   0   0   0   0   0
8    0   0   0   0   0   0   0   0   0   0   0   0   0   0
9    0   0   0   0   0   0   0   0   0   0   0   0   0   0
10   0   0   0   0   0   0   0   0   0   0   0   0   0   0
11   0   0   0   0   0   0   0   0   0   0   0   0   0   0
12   0   0   0   0   0   0   0   0   0   0   0   0   0   0
13   0   0   0   0   0   0   0   0   0   0   0   0   0   0
14   0   0   0   0   0   0   0   0   0   0   0   0   0   0
16   0   0   0   0   0   0   0   0   0   0   0   0   0   0
17   0   0   0   0   0   0   0   0   0   0   0   0   0   0
18   0   0   0   0   0   0   0   0   0   0   0   0   0   0

 [*,28,*]
:    1   2   3   4   5   6   7   8   9  10  11  12  13  14    :=
11   0   0   0   0   0   0   0   0   0   0   0   0   0   0
12   0   0   0   0   0   0   0   0   0   0   0   0   0   0
13   0   0   0   0   0   0   0   0   0   0   0   0   0   0
14   0   0   0   0   0   0   0   0   0   0   0   0   0   0
15   0   0   0   0   0   0   0   0   0   0   0   0   0   0

 [*,29,*]
:    1   2   3   4   5   6   7   8   9  10  11  12  13  14    :=
14   0   0   0   0   0   0   0   0   0   0   0   0   0   0
15   0   0   0   0   0   0   0   0   0   0   0   0   0   0
17   0   0   0   0   0   0   0   0   0   0   0   0   0   0
18   0   0   0   0   0   0   0   0   0   0   0   0   0   0

 [*,30,*]
:    1   2   3   4   5   6   7   8   9  10  11  12  13  14    :=
10   0   0   0   0   0   0   0   0   0   0   0   0   0   0
11   0   0   0   0   0   0   0   0   0   0   0   0   0   0
12   0   0   0   0   0   0   0   0   0   0   0   0   0   0
13   0   0   0   0   0   0   0   0   0   0   0   0   0   0
14   0   0   0   0   0   0   0   0   0   0   0   0   0   0
15   0   0   0   0   0   0   0   0   0   0   0   0   0   0

 [*,31,*]
:    1   2   3   4   5   6   7   8   9  10  11  12  13  14    :=
12   0   0   0   0   0   0   0   0   0   0   0   0   0   0
13   0   0   0   0   0   0   0   0   0   0   0   0   0   0
14   0   0   0   0   0   0   0   0   0   0   0   0   0   0

 [*,32,*]
:    1   2   3   4   5   6   7   8   9  10  11  12  13  14    :=
12   0   0   0   0   0   0   0   0   0   0   0   0   0   0
13   0   0   0   0   0   0   0   0   0   0   0   0   0   0
14   0   0   0   0   0   0   0   0   0   0   0   0   0   0
;

